*** Life<ConwayCell> 24x24 ***

Generation = 0, Population = 70.
.*....*.................
...*....................
....*.......*..*........
.*...............*.*....
.*.*.....*............**
..*...*........*........
....***............*....
.....*.**.*..*..*.......
..*..*....*..*..**...*..
.......**...............
**.........**...........
...*....................
*..*...*....**..........
....................*...
..*..*.....*............
..*......*...*..*....**.
.......*.*.......*......
......*.......*.........
........................
......*.................
.............*..........
...*.*..................
...............*....*...
..........*...*.......*.

Generation = 1, Population = 26.
........................
........................
........................
..*.....................
.*......................
..***.*.................
....*...................
.......*.*......**......
................**......
.*.........**...........
........................
***........*.*..........
........................
............*...........
.....................*..
........*.*.............
........*...............
........................
........................
........................
........................
........................
........................
........................

Generation = 2, Population = 19.
........................
........................
........................
........................
.*......................
..****..................
....**..................
................**......
................**......
........................
*.*........*............
.*......................
.*..........*...........
........................
........................
.........*..............
.........*..............
........................
........................
........................
........................
........................
........................
........................

Generation = 3, Population = 15.
........................
........................
........................
........................
..***...................
..**.*..................
.....*..................
................**......
................**......
........................
.*......................
***.....................
........................
........................
........................
........................
........................
........................
........................
........................
........................
........................
........................
........................

Generation = 4, Population = 17.
........................
........................
........................
...*....................
..*.*...................
..*..*..................
....*...................
................**......
................**......
........................
***.....................
***.....................
.*......................
........................
........................
........................
........................
........................
........................
........................
........................
........................
........................
........................

Generation = 5, Population = 15.
........................
........................
........................
...*....................
..*.*...................
....**..................
........................
................**......
................**......
.*......................
*.*.....................
........................
***.....................
........................
........................
........................
........................
........................
........................
........................
........................
........................
........................
........................

Generation = 6, Population = 16.
........................
........................
........................
...*....................
....**..................
...***..................
........................
................**......
................**......
.*......................
.*......................
*.*.....................
.*......................
.*......................
........................
........................
........................
........................
........................
........................
........................
........................
........................
........................

Generation = 7, Population = 17.
........................
........................
........................
....*...................
.....*..................
...*.*..................
....*...................
................**......
................**......
........................
***.....................
*.*.....................
***.....................
........................
........................
........................
........................
........................
........................
........................
........................
........................
........................
........................

Generation = 8, Population = 14.
........................
........................
........................
........................
.....*..................
.....*..................
....*...................
................**......
................**......
.*......................
*.*.....................
...*....................
*.*.....................
.*......................
........................
........................
........................
........................
........................
........................
........................
........................
........................
........................

Generation = 9, Population = 14.
........................
........................
........................
........................
........................
....**..................
........................
................**......
................**......
.*......................
.**.....................
..**....................
.**.....................
.*......................
........................
........................
........................
........................
........................
........................
........................
........................
........................
........................

Generation = 10, Population = 13.
........................
........................
........................
........................
........................
........................
........................
................**......
................**......
.**.....................
.*.*....................
...*....................
.*.*....................
.**.....................
........................
........................
........................
........................
........................
........................
........................
........................
........................
........................

*** Life<ConwayCell> 31x35 ***

Generation = 0, Population = 88.
.*.....*...........................
.......*....*...*...*..............
......*............................
.*.......**...*....................
....**..................*..........
..*...................*....*..*....
..............**...*...............
*......*.............*...*.........
..........................*........
...................*.....*.........
...................................
..*....*..........*...*............
.....*.............*....*.*........
........................*..........
...................*.*.............
........*.......*..........*.......
.*........***....*............*....
.........*............*.......*....
........*............*.............
..*....*..*..*.....*...*...........
.............................*.....
.........*...*....*...*............
....*..............................
..................*................
..........*.*......................
.*..*..............................
.*............*.........*..........
....*......*....*.*.....*.*........
.......*..*........................
.....*.*.............*..*..........
...*......................*..*.....

Generation = 5, Population = 11.
...................................
...................................
...................................
...................................
...................................
...................................
...................................
...................................
...................................
...................................
...................................
...................................
...................................
...................................
...................................
..........**.......................
.........*.*.......................
.........*.*.......................
.........**........................
...................................
...................................
...................................
...................................
...................................
...................................
...................................
.........................*.........
.........................*.........
.........................*.........
...................................
...................................

Generation = 10, Population = 23.
...................................
...................................
...................................
...................................
...................................
...................................
...................................
...................................
...................................
...................................
...................................
...................................
...................................
...................................
..........***......................
........**.*.*.....................
.......*.*...*.....................
.......*...*.*.....................
.......*.*.**......................
........***........................
...................................
...................................
...................................
...................................
...................................
...................................
...................................
........................***........
...................................
...................................
...................................

Generation = 15, Population = 25.
...................................
...................................
...................................
...................................
...................................
...................................
...................................
...................................
...................................
...................................
...................................
...................................
...................................
..........*........................
..........**..*....................
......*.....*..*...................
.....*..**.....*...................
.....*.....**..*...................
.....*..*.....*....................
......*..**........................
..........*........................
...................................
...................................
...................................
...................................
...................................
.........................*.........
.........................*.........
.........................*.........
...................................
...................................

Generation = 20, Population = 51.
...................................
...................................
...................................
...................................
...................................
...................................
...................................
...................................
...................................
...................................
...................................
...................................
...................................
..........**.......................
.......**.******...................
.....**.***.**..*..................
....*....**.*...**.................
...**...*.**....*..................
....*..**.***.**...................
.....******.**.....................
.........**........................
...................................
...................................
...................................
...................................
...................................
...................................
........................***........
...................................
...................................
...................................

Generation = 25, Population = 31.
...................................
...................................
...................................
...................................
...................................
...................................
...................................
...................................
...................................
...................................
...................................
...................................
...................................
................*..................
....**..........**.................
...*.**.........*.*................
..*..*............**...............
.**............*..*................
..*.*.........**.*.................
...**..........**..................
....*..............................
...................................
...................................
...................................
...................................
...................................
.........................*.........
.........................*.........
.........................*.........
...................................
...................................

Generation = 30, Population = 49.
...................................
...................................
...................................
...................................
...................................
...................................
...................................
...................................
...................................
...................................
...................................
................*..................
.....*.........*..*................
....*.*.......*...*................
...**.**......*...**...............
....*..**....**....................
.....*.*........*..................
....*........*.*...................
......**....**..*..................
.**...*......**.**.................
..*...*.......*.*..................
..*..*.........*...................
....*..............................
...................................
...................................
...................................
...................................
........................***........
...................................
...................................
...................................

Generation = 35, Population = 49.
...................................
...................................
...................................
...................................
...................................
...................................
...................................
...................................
...................................
...................................
...................................
....**...........**................
...*.............**................
...**...**......*..*...............
.......***......*..*...............
.......*..*.....*.*................
.................*.................
...*...............................
..*.*.....*..*.....................
.*..*......***.....................
.*..*......**...**.................
..**.............*.................
..**...........**..................
...................................
...................................
...................................
.........................*.........
.........................*.........
.........................*.........
...................................
...................................

Generation = 40, Population = 65.
...................................
...................................
...................................
...................................
...................................
...................................
...................................
...................................
...................................
...................................
..................*................
....*............*..*..............
...*.****..........................
...*...***........*.*..............
....*.....*......***...............
....*.*.**......*.*................
..***...**.........................
...........**...***................
..*.*......**.*.*..................
.***......*.....*..................
*.*........***...*.................
............****.*.................
*..*............*..................
..*................................
...................................
...................................
...................................
........................***........
...................................
...................................
...................................

Generation = 45, Population = 73.
...................................
...................................
...................................
...................................
...................................
...................................
...................................
...................................
...................................
.....**............................
.....**............................
.....**.*..........................
..................*................
.***.*.*.........*.**..............
.....*.*..**....**.................
...*......***..**.*.*..............
....*..........**.**...............
.**.**..........*..................
*.*.**..***......*.................
...**....**..*.*...................
**.*.........*.*.***...............
..*................................
............*.**...................
..............**...................
..............**...................
...................................
.........................*.........
.........................*.........
.........................*.........
...................................
...................................

Generation = 50, Population = 52.
...................................
...................................
...................................
...................................
...................................
...................................
...................................
...................................
...................................
...................................
...**.............*................
..**.............*..*..............
...*.*...............*.............
....**..........**..**.............
..****.............................
.*.*...............................
.*.*..............*................
..*..............*.*...............
.................*.*...............
...............****................
*..**..........**..................
*..............*.*.................
*..*.............**................
..*.............**.................
...................................
...................................
...................................
........................***........
...................................
...................................
...................................

*** Life<ConwayCell> 38x38 ***

Generation = 0, Population = 110.
......................................
...............*......................
....*............*..*.....*...........
................*.........*..*........
........*..............*..*..*........
...........*.............*.....*......
...*....*........*.**.................
...*............*.*...............*...
.......*..................*...*.......
......................................
..*..*..............................*.
.*...........*...*.......*........*...
..*..................*........*.......
...........**................*..*.....
..........................*...*......*
.........*............*........*..*.*.
......................................
*....................*..*.............
....*...................*.............
................................*.....
.....*......*.......................*.
........................*...*....*....
.....**..*..........................*.
..*...*.*....................*.....*..
.........*..*..*.*....................
.............*....*.*....*...*........
.............*........................
..*..*........*.......................
.*.*......*...........................
..........*..............*............
......*....*.................*......*.
*..*.*.............**.................
..................*.......*.*.........
................*.....*..........*....
......................................
...................*........*.........
................*.....................
........*.......*...................*.

Generation = 10, Population = 22.
......................................
......................................
......................................
......................................
......................................
..................*...................
.................*.*..................
.................*.*..................
..................*...................
......................................
......................................
......................................
......................................
......................................
......................................
......................................
......................................
......................................
......................................
......................................
......*...............................
......*...............................
.........*............................
........*.**..........................
........*..*..........................
........*..*..........................
.......****...........................
......**..............................
......................................
......................................
......................................
......................................
......................................
......................................
......................................
......................................
......................................
......................................

Generation = 20, Population = 39.
......................................
......................................
......................................
......................................
......................................
..................*...................
.................*.*..................
.................*.*..................
..................*...................
......................................
......................................
......................................
......................................
......................................
......................................
......................................
......................................
......................................
......................................
......................................
......................................
............*.........................
.......*****.**.......................
......*...**..........................
.......**......*......................
..........**.**.......................
............**........................
.........**.*.........................
......*.*.............................
......*.****..........................
.......***............................
......................................
......................................
......................................
......................................
......................................
......................................
......................................

Generation = 30, Population = 30.
......................................
......................................
......................................
......................................
......................................
..................*...................
.................*.*..................
.................*.*..................
..................*...................
......................................
......................................
......................................
......................................
......................................
......................................
......................................
......................................
......................................
......................................
............**........................
............*.*.......................
..........*.****......................
.........*..*.........................
.........*....*.......................
........*...**........................
.........***.*........................
......................................
......................................
..........**..........................
..........**..........................
......................................
......................................
......................................
......................................
......................................
......................................
......................................
......................................

Generation = 40, Population = 40.
......................................
......................................
......................................
......................................
......................................
..................*...................
.................*.*..................
.................*.*..................
..................*...................
......................................
......................................
......................................
......................................
......................................
......................................
......................................
......................................
......................................
......................................
.........**...*.***...................
.........**..***..*...................
........*..*****......................
............*..*..*...................
...............*..*...................
...........**..*......................
...........**.........................
............*..**.....................
......................................
......................................
...........*..........................
............*.........................
...........*..........................
......................................
......................................
......................................
......................................
......................................
......................................

Generation = 50, Population = 27.
......................................
......................................
......................................
......................................
......................................
..................*...................
.................*.*..................
.................*.*..................
..................*...................
......................................
......................................
......................................
......................................
......................................
......................................
......................................
......................................
......................................
......................................
.........*............................
........**............................
.......**.*.......*...................
........*.***...**....................
.........**.....**....................
............**........................
............**........................
......................................
......................................
......................................
......................................
......................................
......................................
......................................
......................................
......................................
......................................
......................................
......................................

Generation = 60, Population = 38.
......................................
......................................
......................................
......................................
......................................
..................*...................
.................*.*..................
.................*.*..................
..................*...................
......................................
......................................
......................................
......................................
......................................
......................................
......................................
......................................
......................................
......................................
....**...*............................
...*.*...*............................
..**.**...............................
...**...*.....*.**....................
....*...**....**..*...................
..........**....**....................
.........**.*.........................
..........*.*.........................
...........*..........................
......................................
......................................
......................................
......................................
......................................
......................................
......................................
......................................
......................................
......................................

Generation = 70, Population = 59.
......................................
......................................
......................................
......................................
......................................
..................*...................
.................*.*..................
.................*.*..................
..................*...................
......................................
......................................
......................................
......................................
......................................
......................................
......................................
......................................
......................................
......................................
...**.*.*.............................
***.*...*.............................
***.******............................
..*.*.....**.....**...................
...........**...*..*..................
...........**..******.................
.....*.**.......*..*..................
.....*...**......**...................
.....*..***...........................
.......***............................
......................................
......................................
......................................
......................................
......................................
......................................
......................................
......................................
......................................

Generation = 80, Population = 38.
......................................
......................................
......................................
......................................
......................................
..................*...................
.................*.*..................
.................*.*..................
..................*...................
......................................
......................................
......................................
......................................
......................................
......................................
......................................
......................................
......................................
......................................
......................................
.....**...............................
.*....................................
*...*...**............................
*.********.....*......................
..*....***....*.*.....................
...***.........*......................
...**.................................
....**................................
.....*................................
......................................
......................................
......................................
......................................
......................................
......................................
......................................
......................................
......................................

Generation = 90, Population = 40.
......................................
......................................
......................................
......................................
......................................
..................*...................
.................*.*..................
.................*.*..................
..................*...................
......................................
......................................
......................................
......................................
......................................
......................................
......................................
......................................
......................................
......................................
......................................
...*..................................
..*.**.*..............................
.*....*.**............................
.*..*.*...*....*......................
***..*.**.*...*.*.....................
..*......*.....*......................
..*.*.................................
...*.**...............................
....***...............................
......................................
......................................
......................................
......................................
......................................
......................................
......................................
......................................
......................................

Generation = 100, Population = 17.
......................................
......................................
......................................
......................................
......................................
..................*...................
.................*.*..................
.................*.*..................
..................*...................
......................................
......................................
......................................
......................................
......................................
......................................
......................................
......................................
......................................
......................................
......................................
......................................
......................................
......................................
........**.....*......................
.......*..*...*.*.....................
........*.*....*......................
.........*............................
......................................
......................................
......................................
......................................
......................................
......................................
......................................
......................................
......................................
......................................
......................................
