*** Life<FredkinCell> 24x24 ***

Generation = 0, Population = 65.
------0----------0--0---
-0---------------0------
-0--------0--------0----
----0----------0-0---0--
-----0--0-0-------------
----------------------0-
------0-0-----00----0---
----------0-0-----------
---------0----------0---
---0------------0----0--
------------0-----------
---0-0-----0-----0------
----0-----0-------------
0---------------------0-
0----0--0-----0---------
--------00--0-----------
-0-------0-00-------0---
-----0---0-0----00------
0----------0---0--------
----0----0----------0---
-------------------0----
--------------0---------
---0-------------00-----
------------------------

Generation = 2, Population = 190.
-1--0-0-0-0----0-21-0-0-
---00------------2-1-0--
---0-00---0-0-------11--
-10---0------0-0------10
-0-0---1----0-01---00---
----0-----1-0--1-0--11--
----010--1--11--100-0-1-
---0----1-0-0-1-0----00-
------001--01-00--0-0-0-
-0-0------001-0--100---0
----0----0----0-----0---
00---0-0-0---0-01--0-00-
1-0--00-------0---------
2-00-1--10-00----0--0---
21001-11-0-0----0---0---
1----101-0----1-00----0-
---0-1-0000--1-0--0---0-
---01---12-00000--101---
010--------21----1-01---
--0--100-0----0-000---0-
0--0-------0---0--1--0--
----0----0--0---0---0---
-0---0---------01---0---
--------------0---------

Generation = 4, Population = 183.
-11--0--0-0--0--0--1-1--
-----0-------0---4---20-
-2---20-0--------1-----1
1-------0-1010---0-1-0-2
-2--0-------2-2--1------
-1-0------------120--30-
-00-0-----11----1-2-----
---0010-3--1--312----2--
----0---1----0--0-------
1------1----1----3--1--0
1----00-1------01---0---
-2------0-1--0-2-----2--
11----2-1--11-0---------
--2013---0-0-----01--10-
412------002---1--0-----
---0----10-110--02--1---
-0--1--02-2--3-2---0----
11---0-0-2--2-00----111-
2-0011-11--2--01-300----
0----3---0--11--2-------
-1-------0-00--0----0--0
-----0---010----211-----
1--0---0---0-002-21--10-
----0----0----0-----1---

Generation = 6, Population = 288.
1-3-2--10--112110-3-----
0--0---00-1-12---6-212--
--1--220----100011-----3
1210-12-20-03-0-100-----
---001--1--04-23-102---1
11--2-0---2-10---401----
10202-2--2-------24-1---
0-0-01--510---5--1-0122-
10--202-3-----1-----1---
31001-0--0-2-0-11-22-110
-000---13-101---30----0-
1-1-0201011--0-4-000022-
31-111----01310---1-0---
2-2-150---1-10---2--23-1
6-22--1-120--11111-12---
3-00011--0-11021-4001-1-
-21-1--0---01514-1-0-1--
--01----120-220-2-22--31
-2-0----31-2-0-1-----1-0
-021---2---11-0-21--100-
--1000-01010-01--131---0
1--110--10-2---1--11----
1-1------0-----4-2--1---
--0-0101--1-0-2--1--1-1-

Generation = 8, Population = 177.
3-----1-0---3--1----1--0
---0-1----------1----421
--3-----21103-----0--2--
--3013-1-2-052-1---1-0--
0-0-2--------1--1-02----
11------------0--60---1-
3----2-10---3---24----30
--2-2---53--0-----1-1---
------2--1-1--------3---
-1-2-1--10---0--1--4----
30--1-----12---1---02---
-3---------1-2-4-0-022-1
-----3--3-2-5-----31----
------0-3---------1---1-
61-2--1------333132-4-1-
51--2-----1-3---26--1---
-4-132------1----3-01---
--------14---2--22-2-2-1
------013---1----512---2
-043-5-----3--2-----3---
----2-----12-------1-1--
3---3-1--2----------1---
---0-0--020---16------20
-----1--1--00---13------

Generation = 10, Population = 285.
----2---0103-421-2--1-0-
-10-0----1-12300--1-1---
0-5----0-3-2--11--0-----
--5-352---3----11013----
2-2-4102-10---24----1-11
3-0--1-11--021----0-25--
---032-3---2-3-24----1-2
--2121-053-2-1---2-13---
-1---1---10-21-120205--0
--1-211-3013201----6---1
5--0-1----32-------2200-
-5---40----3-2--2--2----
----2--15-2251----31011-
3-----2-5--022-1---0-5-2
6-3--1----13053---216-3-
5--2----121-50-2280--1-0
0-23-41-3-3-35--131-11-1
1-023210---03---4-4-----
-4-11-2-31031-110--2-3-4
-2---50411--2----2113111
--20-0-02-3--120--5--110
31015-11---40-1-321-1-1-
-0-0120-0----2--14-03--2
0--123-33--221-035102---

Generation = 12, Population = 258.
3---4----3---4--1--2----
1--0-2-2-1--2-0-2--33-3-
0---0-3-3---31------3--3
-350372-24--62--1-350---
4-2-4-2----0--4--3--3-3-
--2-31--302---0----1--20
5--05------253-46----33-
-043--10-3---17--4--3-30
3---4--15---2--3--------
42--4-315----232----3--3
5-002------420-24-142---
2-3--4-22-33-4---11-----
---3-3--5--2---111-1--30
-14026----2-2-1--32--7-2
6----12-231--5543-23-0-1
53-44-2-----7--4-+-02--2
0---5--151-155-4--3----3
3----4--2------1--62--4-
2621122--3-53-31-5242-1-
-4--0-2-11-4---03-3-3---
12-042022---1-4----11---
5---5---23162---3--2-1-1
-2-21------1-4-7-610-3--
0-21-3153--4-1225---21--

Generation = 14, Population = 290.
5------225--3-32334422-1
1---121-1-23-4---833-43-
2-6-2-5-55---1-2221133-3
-5-037-1--5-6--3-1---234
---1-----2-052----03-0-2
4-41-3-3--413-2---112-4-
514--3-4132-5-1---41--53
--43-33-6-2-21-23-2--3-2
5-1--2---2---33--220502-
-4--4-5-----423413--53--
52-0--21-13-2--2-1-421-1
4---0------5---53113-3--
-32-3--27--46--3--41-2--
4--2-------2243---21-9-2
--4--121-31-1-7654--8-3-
--1--24-----92---+1--2--
052474-37-437714------1-
--1---11461043---382-3-2
---1----4-0-51------2436
--45-5-61---4-30-45-32-2
-22-42224----2--015-1---
-31250--2--82-3--3-2-3--
3-3-1--114-11-3-2--0-3-3
-1--45--51-6-1--76--4-2-

Generation = 16, Population = 186.
7---52---7-3--52----2-1-
13---2---2-5-6-14-----5-
4--2------24---2-2----0-
-5-05----65----5--------
----4-3--2--5------3-24-
---1--1---4---4-1----6--
5--16-4-33--5-------2-5-
--6-3-----4-2-------3-3-
----543-5---3-35----7--1
6----2----------1--7--2-
--00-2--3-5------12-4---
-6-02----2-7--1--3-5-3--
-5--5---------------0-5-
-2--2-3--23---3-13--4---
---------5-5--76543-81--
--1---4--3-1----3+--3--2
-524741--3-5-7------22-4
4--3-5--4---4--255-----4
27-3-4--4-2-----06-5-4--
1----7----1-6--2-4--5234
---142--6----2----------
6--2-0-----8-----52---3-
-25---1-1--31------25---
---2------1-3---7----2--

Generation = 18, Population = 273.
9---722---054-7-3-5---3-
35111-----4---1--93-4---
-37---6-57-4--2--2---5--
2-6----1365-8-17-3---43-
--2----3-4--5-65---3-2-4
--5355---1--4-421-223-61
52--6--4-5-4---5--52-5-4
--6534--7---2-----2234--
6--1-652531--45-2----1-1
66-----2-1245-----37--2-
6--03--3--5---2-5-444--1
6-502--3--5716174--53321
-----43-8046--142-5-235-
-4-----1---2---2----4+32
--62-132----2776-4--+3--
-4-55363--21+3-----1332-
--46--1---47-72-----241-
-2-3---3-62144--7594--66
4----4-2-4466-43-82-3---
3-45---6--35-25-56--74-6
12----34----2--211--32--
-31----1-3---1---7-33-32
3---131--5----4--81--44-
02------6--8----78-2-230

Generation = 20, Population = 297.
-240-2443---64--35---33-
37311312-36-4-1--93445--
--9333--5---43----22-71-
266-5-315-71+23----62-5-
--2--25-340153-7140----6
-25---24-1-26142-6225--3
--6----45-3473-7----3---
----------53---4-524-65-
8-2-6-5----1------308---
--22--------7--5-53--424
-2-0--3342-5-143-14-----
87--2-1-22-91---6-3--541
5-45-6---0-862142-5--37-
5443--4-------5214326+54
728--1-4--372-76-4----42
-4275-63-4-3--3-3-----24
-768-53---6----63--12634
5-3556255-2--41---+---6-
-8---4-25---61--0-265---
-5-71---3-3-645---5-943-
1-42-45672-223---3--52-0
733-62--252--14--74----4
-4-33--21--4----3+--64-4
---2--266-28--34982--2--

*** Life<FredkinCell> 72x83 ***

Generation = 0, Population = 213.
----0---------------------------0----0-----------------------------0---------------
---------------------------------------------------0-------------------------------
---------------------------------------------------------0-------------------------
--------------------------------------------0--------------------------0-----------
-------0-------------------------------0----------0--------------------------------
-------------------------------0---------------------------------------------------
-----------------------------------------------------------------------------------
-----------------------------------------------------------------------------------
---------------------0-0---0---------------------0---------------------------------
----0--------0-----0-----------0------------0------------0-------------------------
-----------------------------------------------------------------------------------
-0-----------------0-----0-----------------------------------0--0------------------
--------------------------------------------------0-0-----------0-----0------------
---0--0----0-0-----------------------0---------------------------------------------
------------------0---------------------------------------0------------------------
-0---------0-0------------0-----------0------------------------------0-------------
-------0---------------------------------------------------------------------------
----0-0--0-----------------------------------------0----0--------------0-----------
-0---------------------------------------------------------------------------------
-----------------------------------------------------------------------------------
----------------------------------------0------------------------------------------
-----0-------------------------------------------------------0--------0------------
---------------------------0---------------0------------------------0--------------
------------------------00---------------------------------------------------------
-----------------0-------------------------------0-------------0-------------------
----------0-------------------------0-----------------------0-0--------------------
-------0---------------------------------------------------------------------------
----------0-------------------------0---------0------------------------------------
------------------0-------0------0------------0-----------------0------------------
-------------------0---------------------0---0-------------------------------------
--------------------------0-------------0------0-----------------------------------
----------------------------------------------0------------------------------------
------0---0--------------------------0--------------------------0------------------
-----0-------------0------------------------------------------------0--------------
------------0-----------0---------------------000----0----------------0------------
------------------------------------------------------------0----------------------
0-------------0-----0-0-------------------0-----------------00----0----------------
-------------0----------------------0----------------------------------------------
-------------------------------------------------------------0---------------------
-0----0---------------------------------------------------------------00-----------
----0--------0-----------------0----------0---0--0---------0--------0--------------
----------------0------------------------------------------------------------------
----------------0-----------0------------------------------------------------------
------------0----------------------------------------0----------------0------------
------------------------------------------------0------------0---------------------
-0---------0-----0----------0-----------------------0------------------------------
---------------------0----------0------------0-----------------0-------------------
-----0-------0-------------------------0-0-----------------------------------------
-----0---------------------------------0----------------------------0--------------
------0---------------------------0-0----------------------0--0--------------------
--------0-------------------------------0------------------------------------------
0--------------------------------------------0-------------------------------------
-----------------------------------------------------------------0-----------------
----------------------0---------------------0--------------------------------------
------------0---------------0------------------0-----------------------------------
-------------------------------0---------0-----------------------0-0---------------
-------------0-------------------------------------------0-----0-------------------
-------------------0----------0---------------------------------------0------------
--0----------0--------------------------------------------0------------------------
-----------------------------------------------------------------------------------
---------------------------------------------------0-------------------------------
------------------------------------0-------------------0------------0-------------
--------0--------0---------------------------------------------00------0-----------
--0---0------------------------------------0---------------------------------------
--------------------0------------0--------0--------------------0-----0-------------
------0---0----------------0-------------------------------------------------------
--------0-----0-----0--------------------------------0---0-------------------------
-----------------------------------------------------------------------------------
-------------------------------0---0----------0------------------------------------
-------------------------0--0-------------------0-------------------0--------------
-----------0-----------------------0-----------------------------------------------
---0----0---------0-------------------0----0---------------------------------------

Generation = 50, Population = 2980.
-359+--+88+4--5-6----9+--7+-+-8-+----74--539-+-5+97-6-1-----8--79-+-+78--44-1-56-6-
58---+966---3--7---+3-4-7-6--6-4-6-877------8----4-+4-3---5--+9+-6-5-4-6--3----4--2
5-8+-59579-5---3-----6--+--9+6-4-9+-+-9++--4---9+-+++-8------7+----+----+--5-6-2-95
-------7-5++986-1-2+---8----+5--6--74-++-6+-78----7+--9-6+1+7-67--7--55-71846-74-16
----9+-489-2-+--9-7-+--5+9+--47--8--9-4-+----+-7587--9+79--++----+-+98---8----5-2-5
3-8-+--3--+-+-----4--788--8-7+387-8++-7+--79--+-7--+9-6++---8--79-297-6-446--9-6-4-
7--97--67----9-8---59+-4--695-65-6--89---+--7---+-6+-6-7-+-5--58588+----74-529-4--3
+-8+6+-----7+---99-+++-8+-8-----9--48+---+6-7-3----+-+-54-85-99968-------4---2--762
-+9++8-+6--5+76--+--35------8----6-99+-----+3+7--65--+---+755--989-----+---4-3---87
--+---+---++9+6+84-+4-++9---3-58--+-9---9+3-856++-4-5--+-----+-++9+---++7+6-+---885
672-+--2-+-54+--++-74-16--+4-4-8-2--9--+++76+8+---+6++6-8---9+-7+3--85---2----6-344
---+-+6+7--9++-3++-58-+6--2+-75+4-+---8-7++-+---+-8-5+--+-+----+--998+---87-+-85-6-
---68-4----8-+-379-88---+-++-7-78----++++--5+++8---697-----6+---8--+-4--6-5-+---3-3
-+-++-+-------68+66--9++-+-77+-8-+--+9-----+9--89--+8-5-+-6-6----+--8-86-+--4---85-
657-7+++9-8----47--5--9----+---+84--856-----8+8-+--4+4--95-6+6--+-84+--845--3-9---1
6+-+---7+--8----56--++-----------+--7+---99+6+7---79-9-79+-7--+3--9979--97-6-8--427
9-8--6--6+-7-+-----68++-+6--98-4--9--76-76-----8+-+-------+-8--+67-6-+9-3-9-2024-34
-++-7-+---+-++---+-+59--7--+7--4--+-548-4--9+-7+95-9-+-+3------+--8-+--8-62--77-67-
--5-7-5-7+9+-92-876-++287-+8-41--+664--4--84-++7--5+3-8-----+4-+4---74-6636842--5-2
-+-963-9+++----+5+-58--+-9++6-3--57-7--5---47+988------+--458++--76-++----5-57+-7-5
5--8+-+9-+928++++--8------+--------8--895---65--+--7+-+-7----+9++4---4-6---3545-73-
--8+8+-78-+87-2-6---8+--8-7-7797-9-8-++----96-785---+---775+--+--9----6+4+7-97+5255
------2656----8-9--87---4+--++--4-46---+--4+-8-+77-9-+--67-97--+---494----6-----51-
------+9-99---+--97--8963--+++-----76+9+8-+--9-49---7--64--8+----93-++-+4-93--94--5
--7--7+-+6---+7---783+--+--++--+--8--4-+-75-54-9-9+++--+---7+---+-69+---6-+6-+--9-2
9---+7-58---+-++-----7-+--4+--7-9----+-+----+-6-35------+---+-+-+8----4++--59-9---+
--+----7--9-++97----5--+-+--+8-+-66-5---9493+6+--+--+79---+--6-57--+95---4-52-+--3-
7-+-+++5---+5--8-----+++----+-8-7+-848+---+9---5+--968--388-+-+-+-+--8+-9+93-6+2--7
5--9+--+-8--+3--+--4---7---7---++--7----6--4-6--+----696-8++---+78+-+++-9-+--76+8--
3+9-7-6-6+---8------88-7-+9+-+697+---+--697-+---2+-++-55-8-8++43-+-5+6-+-96----336-
-8-4--++7---88-+----8--+9+---+--+7-+7+9--3-9++7-9-+--+--8+-57+-+--8255-9---0-----34
9-55-+------96+27+-+69798+----6-356--68-+--8-----63-5---+--+6-6-8-6+--+75-3--57--+-
--599+-+-++7-381-++6++98-9+889------+--+----4---5--69-+--8+--++-7-+3+6++4++-9----74
-3+-+4-8+7-8---9-8--979-9-4--+--99-+-+-----74+--+477+9--5+++-9+-9-6-+-+974+----7--+
6----+--+5+-++9-+6--9--6-6-5-+---9+++69-----++---8+8+5+4++--+---+++5---+9-+--9+57--
+++8-+---4-8--4--+---9-6+68++-6+-98----7-++++-+---546-------6-+----66-+-+57-+8-3-37
-9------86---+---8-2+--9+-9+-36--++7------------+-++-8-9--6---++-+--+--2--9--+----+
97---+---+++-+-+-98+7+--8---65+-7--9-----++6+5+7+---+-42+82-+9-646--+-9+488+446-7--
----93+-+9--+--7-+8-6--846------9---77-++5-++---+--64+--+---+--++7-------9--9------
+-+-8+--+------------8-6-6--+++--59---++-+--+99--76-9998279----9---+------8698+--7+
--+--5+595---+-7-+-+-6-6+-9-+-6---8-9+-76+--++-9+-+-8---+---6--+-+97+-9+-6---+4985+
67+-++7--+++9+8--7-----+4-+--7--6---+-+-+97--7+66+---6-5---4+9--683+-6+--65586162-+
--+-+--4--87+-894-5+8---65----8------+-+---+-+-7----+7+-4--578+9----+9--5--46-88-74
-----9-4-+++5-+1++-7-35---9+-+1---89---9+4-6+29-++8785----7----8-+38+--+6754-88+--9
96--++--4-9+++-9+4656-+9-7-9-+--9-84-++6586+--+-+--8---2-----7----+3+---5-363--2---
+-+---+-++-59-8+7---5+8--4-+---8+-67--6--+7-+65-----8-6---88+-+--9-9-+-+--8+5-5-744
+---4-8+++-8-+-8++-5-99++-6--56--3-++-8++-6575-++471-79+55-+5---+9-9++-7----44---5-
-9+-7++-9---888-6+++4-8-+--++944-76+------8-4++-995---+-6---68-57--77+--7----+-988-
+-45-++5--++--+-8---++-9----7-4-9-----+3+-9+4--+---5-+---94-+-++---66-+-464-79----+
-7+---5-++---6-7-7+----6-2-2+4----69----9++9++--4-+---+7+5+8+++-+4+-37-79--9+98+25-
++-----8-695+53--++--9--7-8257-7++-+97---588--8-+-4-+-649+--8+8-+6-68-776886-+8+-5+
---67---+-+--7-5-+--+8---6-3-------3+467-+88+-+----+86--965---87---+9++9-8--477----
67-8--7-+3--3++-9+9--+6-93--9+--+--+54---+9-86+9+----------49-+--7++5----875-9--4-7
-8++8++-375-+------++---+84--7------6-44-+-5+-+367-4+-5-2+-7+4-3----+----99-4+--8--
----54-5867----87-7-+-9+85+-89++-6+-+7-++---6+988---53-6+8+8+-7+-7--9--+5---8-785-1
-+--59+-+-+-+6--8---6-78-+---+-----+8+-+----5---6-6+58--+6-6-67--+-+-+-+--+-3+8-9-7
--95----5-+--+9-++87-+--++-65+-+-983--------++--++5+49---+-+7--+++-97--84---5--7872
--+23--------+-979+----8-79-+-+-----6--5+-779-7--+-866--+----7648+9-+-66--36------8
5-94----5+---8-7+-+--+62-4+9--++-+++-6--85--8--9+2-----6----876-+4-7-3+-+8647--5---
6------38---+98---+9--647-6-97-789-7-++---8----7-57-76---4--7-57--36--+9---46-548-7
7-66+--4-2++-4+-+--------+-868--+2-+4-6-+--8++-65----6--75--++-7+998-+8-9-864--4-4-
+-5+5598-3-+-9+6----9---8+7---8--8----+-7--9--8-4--8-+3--5-6+3--5-6--2-5-+6---4986-
-9-847-5++--+-8-97+-----+----+---+-76++7---+877-+4-6-------6---+--+-6-+-+-8-5---64-
--8--9-+-+-88+-8+--+----+-----9-+7-5--9-+--9-7-++-6+-6-9--395---6--++6+4-5--6---396
------+-+-5--+656----+-6---+-8-9----4---+-5-2-+++-9-5+--9++-9+++-6+5-----95-85-87--
+3+--9+-++-------4--8--3-9-+-5++-----++58--6-8+-9+7---465-++-+7--97--8-+-39-3---8-5
-9-9-7+9-5++-8-8+5-++9-7-++8----75-9--++-+-78--++--+4-+-+-+--+7-+--7+--+---5-+7-556
-5+-+---------96-86---56---+84-8--74+9--7+-+------++4--499-5-096+-+-++--768-5-44---
-5-5---78--9+3748--7+---8-2-+57---53-57+-8-+87+++--4+-8---956---5+-----+67--8-3--78
+5------++-8-+--+------6-68++-----2-++8-----7-------7--6----+-+-9--+--9--7--57-56--
++5-9-6-------+---++++--5---+-5--76--64-79--5-68--4--5--78--9+---+7--+4-3-47563--17
---4--+57---+9---+92-77+--+-+5+--++-9-88-+---45---2--+557--2+7--+-----8-55-----9790

Generation = 100, Population = 2982.
--++++-+---+++-++---++--+---++-+-++------++++++-+++--+8+----+---+-+----+++--+-+++++
+-++++-+-+++++---+--+---++----8+-+-+++-++-+---++-+-+++-+---+---++-8+--+--+---+9-+-7
----++---++++----+-----+-+++-+++-+-+++-++++--+++----+-++-++-+--+---+---+-+----7-9-+
+----++-++-+-+++--+-+++--++---++++-+-+--+-++----+---+-+----+++++++---+-+++-+-+--+--
--+++++--++---+-++--+---+++----+-+--++--++-+--+-+--+-----++-+-+--+---+++++--++-++++
++-+-+-+------++-+---++--+---------+-+---+--++-+++----++++-++-++-+--+++--++--+--+-8
++-+-+++-++--++---+-++-+--+++---+-+-+--+----++--+-++++++------+-+-----++-+++-+9-8++
--++---++--+++--+++--+9+---++--+++-+-+-+-+---+---+--8+9--+-+++-------+---------+++7
9+-+-++--------+++++++-+-+++--+++-+++-++++++-+---+--+-+----+-+++++---+++++-9+-9-+--
--+-+-+++++++----9+++--+--+--++-+-+-++6--+-++++---+--------6+++---++-+++-++-+-+---+
-+-+---+--+----+-+++--++-+--++-+-+--+-+++--+++-+++-------++--+-+---+-++--+--+-+--++
9+-+++-++-+----9---+-++++++-++++++---+++--+++++---+++++-+++-+++----+---+++---++++-+
+++--++-+-+---++-++++---+-++---+--++-+--+-+++--++-+----+-+---++++++---++-+9-+----+-
+--+-+--+++++--+++-++++---+---++-++-++-+--++-+++++++--+------+++-+--++++-+-+8++++--
+--+------+---+---++-+--+-+-+++--+-----+---+-+-+-+-+++---+-+--++++-+--+++-+------+-
+++++++-++--++++--++-++9---+--++-+-+-+++----+-+--++-++++++-++---++--++-++++-++++---
-+++----+--+++--+--++-+---+---9-++-+-+--++--+-+-+-----+-+----++--+++---+9--+--+-++-
-+++---++-+--+++++-+++++-+-+-+++-----+-+++-++---++-+++-++-+----+-+----++++++-+--+--
--++--++++++-+-+-+---+-++--+-9-++++----++-+++---++---+---+--+--+-+-+-+---+---+++--+
-+-++-++-+---++--++--9++-++++----+-+-+-++-+--++++---++---+------+++++----+++++---++
----++--++-+++---+--++-+-++---+--+-+-+---9+-++---+---+--++--9+--+---+----++-+--+-++
-+---+-+-+--++++----+-+---+-++-----++-++-+----+-++8++-+---+-++---+-+++++++++-----++
---++-++++---++-+----+++-++-++-+-+++-+++---+---+-++--+++-++---+++-++-+--++++-8-++-+
------+-+++---++-----++-----++--+-++----+----+---++-+++++--+-+++--+-+++--+-+++---++
-+++++-+-+-+++--++-+++--+-++-+-+++-+--++++-+--+---+-+8+-+++-+-------+-+-9+--+--+++-
+-++-++-+-++++-++-++++++-+++-++++----++-++--++++++-++++--+++--+++-+-+-+-+++--+-----
-+++++--++++++--++-+++-+----+-+++-++-++-++-++-++-+-----+--+----+++-+-+++++---++----
--++++--+---+-+----++++-+---++--++--++++++-+++----+-+-----+8-+-+--+-+++-+---------+
+--++-+--++---+--++7+++---+--+-+----+++------++-++---+--+----++-++-+----+-+++-+++-+
--+--++-+----+++---++-+++++++++++++-+++--+-+-+-+++++-+-+-++----+--+++--+-----+-+--+
-+++-++--+--+++--+---+++--++-+++-+++++++++++---++9-----++---++-+-+++-+-+++--+++++--
+--+----+--+++-7---++---+-+--+-+-+---+----+++--+++--+-+-+-+--+-+--+++-+++-++---7---
-+---+---+----+++-++-----+-+-+-++++----+--++-++-----+-+++----++-+--++--+++-+---++++
+-+++----+---+---++-+--+--++-++-++----++-+--++++---+-+++-++---+---+++-+++9+--++----
---++--++----+++----++++--++++----+++-++--++++---++-++-+-++--+++++-+++--+-++-+-+---
+---++---+-+-++----+--+--+------++-7-+--+--+-++++--+-+-----++-++++-+++-++++---+-8--
--+++++--+-++-+++----+-++---+---+++++++--++-+++++-++-+----+++-+-+++--+++----+------
+-+++-++--------+-+--+--+--+--+---9+-++++-+---+---++-++---+--+9+------+----++++--++
+++-++-+--++++--+++-+-+--+-----+++---+++-+---+--+++-+--+--++++-++-++-+-+-+---+--+--
-++++-+-+-+++-+--++++++-++-++------+-+-+---+++-++++---+---++++-----++--+-++-++--+++
--+-+--+-+---+--+---+----+--+++--++--+++-+-++++----+-+---+++-+-----+--+++-++-------
+-++---++-+++-+------+---+--++-----+-+-++++-+----+-++++-+++---+-+++++--+----+---9+-
--+-----+++++++-+++-++-----+-+-+---+--++--+--+++--+++-++-+--++--+--6--+-+-+++---+-+
++++++++++---+-9-+-++-+-+++-++-9++---+-++---+--+-+++-+-+-+----++--+--++++-8-+++-+-+
-----++-+-+++-+-+-+----++-+--+++-+-++----++++-++--+--++-+++++---++--+++++-++++-+---
++-++--+-+-+-+++++---++--+--+-++-+-++++-+++++++------+----+-++++++-+++---+----+++--
-+++---+++++--+++++--++-++----++---+-+++-++-+-+-+++9-+----+----++--++++++--+--+++++
-+-+----++-+++-+--+++++-++++---+-++-++---++-+-+-----++-+-+++-----++++++--+++--+-+-+
++--++-+-+++--+--+--++--+----++----++--+++++--+--+--+----++--+-+--+++-+-+-+-----++-
-+---+++++-+++++++---+--+--+-++-++-+-+-+++-+-+------++++---+++++--+-++-++-+-+--+--+
+++--+++++--+-+--+--+-++++-----+-+-++-----+-+++++-+-++-++----+-+-----+--++++-+--++-
--++---++----+--+---+++--+--+++-+++-----++---+-+--8+----+-+-+-+-+--+--+--++--++--+-
+-+-+----++----+++---+---++-+----+--+-++--+-+-+--++-------+-+++---++--+--+--++---+-
---+++----+---+++-+-++----+--+++--++------+-+-+++++-+-++--+-+--+-+-+++---++++----++
++-+-+---------+---+--+---+----+---+-++-+--+--+-+-----9+--+-+++--+-++-+-++---++---+
8---+-+++-+----+--+++++----++++++++----+++++--++---+++---++-+----+-+---+-+-++++-+++
++-+++--++---++---+---+-++++++--++-++++-+--+++-++-+-----+++---+-++------+---+-+--++
-+--+++-+-++--++++---++-+---+-++++--+--+-+-++-+---+++++---++++--+---+-+++--+-++8---
+-++-+-+++-+--+++-+--++-++++-+--++++-+++++-+-++----++--+++-+-++-++-+-+-----++++---+
-+-++++-----++-+-++----+--+++++++++++-+---+++---+-+++-+------+++--6---++++-++---+-+
-++-+-+-8-+---+-+++--+--------+++--+++++++++++--+-++++--+-+--+-+--+++++++---+-+----
-+--++--++---+----+----+-+--+++----+-+----++-+-+-+--+-+-++-+-++-+---+-++---+-++----
+++----+-++++++---+-++--+++-++++-+++--+++++-++---++-+--+++-+-++-+++-+--++-+---+-+--
-+--+++---++++-++-+---+-+-++-+---++-+--++++-++----+------+-+++++++++++---+++--++++-
+-+---+---+++-+-+-+-+--++++--++++-++++++-+----+++--++-+--+--+--+---+--+---+++++-+-+
+++-+-+--+-++-++-+-++------+++---++++-++--+----9--++--++++++++++-+-++--+++--++---++
+++---+++++----++---+--+------+-+-+++--+-+-+-+-++-+--+-+++--+-+-+-+++++++---+++---+
+++--+---++-----++-++++-+-+++-++--+-++-+++---++9+--+--+--+--++---+++-+--+++---+++8-
-++--++---------+-+++---+-+++--++--9++-+--+---++-------++++--+++-+--+------++-----+
--++--+-++++++++-++--+++--+----+++9++-++-+-+-+++-+--+-9+-+--+8--+++++--++---+++-++-
---+-++--++-9-+-++++++++----+--++++++--+-+++++--+---+-++---+-+++++----++----+---+-+
-+-++----+-++---+-++-+--+-+---+++++-+-+-+++++++-+++++++---+++-++-+---+----+--+--+--

Generation = 150, Population = 2978.
--+-+-++-+--++++---+--+-++---+++--+----+-+--+-+------+-+-+--++-+-++-+++++-+---+--++
-++-+-++---+-+---++++++++---+--++-+-++--++++++--++-------++-+---++-++++--+-++---+-+
+--+++--+-++-+-+--+-++-++-+----++++---++--+---+-----++++-++--+----++++-----+++-++--
+++-----+--++-+-+-+-+-+-++-+-++-+--+-+++-+++++-++--+-+++-+++-+++---++-+-+-+-++++--+
-+-+--+--+---+--+-----+-++-+-----++++++-+++-++--++-+-++--+--+-+-+-++-+-++---+++----
++-+-+---++--++--+-+----+++-----++--++-+-+-+-+--++-+---------+---+--+++++++++-+-+-+
--++-+-----++++--++--------+-+++-+---+--+-+-++-+----+--+-+-++-++----+++++-+--++++++
-+-+-+----++-+-++---+--+--+-+--+-+++-++-+-+--+----++--+++-++-+-+--++----------+---+
-+-+--++---+-+++++--+-++-+++-+-+----+++---+++---+-+--++++++--+---+--+--------++---+
+-+--+---++++++++-+++--+++--++++---+++-+-++-+--+--+++++++-+--+-+++--++++++++--+-+++
-+------+---+--+---+---+++---+--++-+-++++--+++-+++++++--++++++++--+--++---+-++-+---
--+-++--++++-++---+++----+--+-+-+----+++--+++-----+-++-+++++++++--+-+--+-+++--++++-
--+-+---+++++-+-+-+-+------+----+-++++--+++-++-++------+-+--+-+++++---+--+++-++++-+
+------+-+-++-++-+--+-++--++--++--+---+--++---++-+-+-++++--++++++++-----++--++-+---
-+----++--+--+-++--+-+--+++--++-+++-++---+++-++---++-+++++-++--+++-+-++-+----+-++--
+++--++--++++++++++-++-+------+-++-+--+-+++-+-++--++++-++++++++-+--+++-+-++-+---+-+
-+++++++-+++++-+--+++++++--+--+-+---++++---+++++++-+--+-+-----++-+-+-----+++-++--+-
--++-++++-++++++++-++++-+++-+-+-+--+-+-+-++-+--++++---+-+-+++++--++---+-+++++--++--
++-++++++---++-------++++--+---+-+--+-+----++---+-+--++-------+++-+++-+------+++--+
--+-+-+++----+++--+-++++----+--+-++-++++-++--+++-+---+++++-+++-++-----+-++--+-+-+-+
---+-+-+-++++++++++---++-+++--+-+--+++---++-+++--+-+-+++++++-+++---++-+++---+--+---
+-+---++---++---++----+-+-+--+--------+-+++++++-+----+-+-+--++-+--+----+-+--------+
+-+-+-+-+-+---+--+--++++--+-+++--+-+++-----+-+----+++-++----++-+---++-+--++--++++++
+-+--+++-+--+--++---+-++-+-++-+-+++-------+-+++---+-++-+-++--+-+-+-+-++-+++-++----+
+-+++++++-+++--++----+----+--+--++-+---+-+--+----++----+----++---++-+-+++++---+----
-++---+----++-+----+-----+--++-+----+-+++----++---+++++--+-+-----+--++++-+-+++---+-
--+-++-+-+-++-++-+--++++-+++++-++--+-+--+-+------+-----++++--+-----++--+-+-+-++-+++
+++--+++++-+++-+-+---++-----+-+-+-++-+++-++-+----++--+-----+-+-+---+--++-++-+-++++-
--++----++-----+---++-+---+-++++-+---++--++++------++--+-+++--+--+++--+++++-+++++-+
+--+--++-----++--+++--++++++--+-+----+-++------+-+----+---+-+-++-+-+++-+-----++-++-
+---+++----+-++++++-+--+-+++-+---++-++----+-+++-----+-++-+++---+++--------++-++----
++++-----++-++-+++--++++--+-+-+--+-++---+---+-++-+++-+---+++-+-----+-+++---+--+-+++
----++--++++-----+-++--+++-+---++-----+-+-++-++-+-------+-+++-++++++-++-+-+-+--+++-
+---+--++++--+--+-++-+--+++++++--++--+----+++----+-++--++++++---+--+-+-++++---+--9-
++---++-+--+++-++----+++-+-+-++---+----++--+-+-----++-++++-++-++++-----+-+--++-----
--+--+--+--+-++--+++-++------++--+-+-++----+---+---+++-+-+++-+-++++-+++++--+++-+-+-
-+---++-++-+-+---++--++++--++----+---++-++--+---+-+++-+-++--++-+-+-+------++----+-+
-+++-+----++-++++++-+-++++++-++-++-+++-+--++++---+---+++++--+-++-+++++++--+-+-++-+-
-++++++++++--+-++-++--+---+-+-++------+--++++-++++++--++--++-+-+-+++-+-++--++--+-++
+-++-----++--++-------+++++-+---------+++-++-+++----+--++--++-+-+-++-++++-+--------
--+-+++++++--++++--+-++---+++----++--+-++-++--+--+++--++-+--++---++-+-+-++---------
--++----+-++++++++--+---+++-+++++-+----++++---+------+--+--+------++-+-+++-+-++--+-
++-+--++---++++--+-++++-+----+++----+--+-----+--++----+--+--+--+-++-+++++++-++-+-+-
+----+--++-++-+--+++-----+---+--+----++++-++---+-+++++-+-++----+++++-+++-----++++++
+--+---++-++++-+++++----+-+-++-+-++-+++++-+--+-++--+----+++---+-+++-+++-++++----+--
--+-+-+-+-+++++-+--+-+--+-++-+----++--+++-+-++++--+-++-+-+++---+-++--+++-+---++++-+
-+------+-++------+-++--+-+---+--+-++--+---+-++--+++-+++++++++++---+--+++++----+-++
----+----++++-+-+-++--+++--++-+++-++++-++++------++---+++--++-+---+----+-+-+----+--
-+--+-+-+-+---+-+---+++++--+------++++++++-+--++--+---+---+++-+++-++++++-++++++-+++
-+-+--++++++-+++--+-++++-+--+-+++---+++--++--+-++----+-----+-+--+++-++-+-------+++-
+-+++--+++++-+-+++++-+-+-+-+--+++---++-+++---+++--+++-++--+---++-+++++-+--+-++-+++-
-+--+++++-++--+++--+++-+-----++++----+++++---+--+++--+-+++-+++---++--+-++--++++-++-
++-+--+-+-++----++-+---++--++--------+--+++----+-+-+++-+-++-+-+--+-----+++--++----+
-++--+---+++--++++++-+--+-+-+--+--+++-------+--+-+-+++--++--++++--++-++-+-++++--+-+
+++-++---+-+--+++-+++--+-+++-+-++-+----+--+----+--+++----+++-+-+--+++-++--++---++++
-+-+++-+-+--+----+++-+-+---+-+-+----+--+-+-+--+++-+-+++++--++-++++-++++-++++---+-++
+---+-+++--+--+++-+-+---+-++-+++-+++--++++++-+-------+---+-++-+-+-++++-+-+--++++++-
++++--+-++---++--+---+++-+-++++++-+--++--+---+-+-----+++--+++--+-+---+--++-+---+-+-
-+-+++-+++--++-+-+++---+++----++----+++--++++-++---+----+----++--+--++-++----++-+--
+-+++-+--+-++------+--++----+----+--+--+--+--+++-+++-+-+--++--++----+++++++++--++++
---+++++---+-++-+--+++-++++++-+++++-+-+----+---++--+----+-+++-+-----------++-++++--
----+++++----------+-+-+++++---------++-++--+-+++--++++-+-+-++-+--++-+-++--+++-----
+-+---+--++-----+-+++---+++--+-++--+----++-+--++-+-++++--+++---+++-++-++--+--++-+--
-+++---+----+-+--+---+++-+--+--+++-+++++-++++++++++++-------++--+-++++---+----+--++
------++-+--+++-+++-+-+--++--++-+-+---+--++-+++-++-----++--+--+++------++-+----+--+
-+--+--+-+---++-+-++--+-+-+++-+--+--+---+-+-+-++-+++--+--+---++-++---+---++-+-++--+
--++-+++-----++--+--++-+++----+-+-++--------+++--+-++--+++++-+++-+------++--+--++++
--+--+-+-+--++++++-+++-++++++---+---+-++++++-+---+-+++--++-+++-++-+-+++---++--+++-+
------++-+-++++--+------++----+-+---+++--+-+++++++--+-+--++--+-+-++-++-----+++--++-
+-++-++++-+++-+--+++-++----+-++----++--+---+-++++----++-+---++-+------+++---++++---
++---+++++--+++-++++++++----++-+-+-++--++--+++--++++-+-----+++++---++-+--+-+++++-++
++++----+--+-++---+-++--++++--++-+-+---+--+---++--+-++-+---++-+--+-------+++----+--

Generation = 200, Population = 2964.
+--+++-+-+--+++-+-----+-+-+-+---+++-+---++++---++--+--+-++---++-+--+--+-++++-+++---
--+++-+--+---++-+-----+---+-+-+-+--++---+-++++-+++--+++-+-+-+++-+-++--++++++--+---+
+--+-+++-+-++++-+-+-++-+---++++---+++++--+-+++--+-++++++-+++++++-+-+++---+-++---+++
-+-+-+-+-+--++-++-+-+--+-+----+-+-+-+---+++-++-+--++--+++---++-++-+---+--+--++++-+-
+------++--+--++--+-+-----+++-+---+++++-++--+-+++--+-++-----++--+---++---++------+-
+-+-++-+-++++-++++---+++++-+++++-++-+---++----++++-+-+---++----++-+---+---+++-+----
+-++-+--++-+--++-++------+++-++++++--++++--+-+--++-++++----+--+++--+-+----++---+--+
+-+---+----++--++++---+-+---+-----+++-++++---+--+---++---+++-++-++----+--++----++-+
--++-------+++-++----++-+-+-----+----+++----+-++-+--+-++-+++--+-+---++-++-++--+----
+++---+++--++++++---+++-+++++-+++++---+++--++++-+---+++-+--+++---+-++-++-++-+--+-++
-+-+-++++----++--++--++++--+---+++---++--++-+-+-++-++--+++++---++--++++---+++++-+++
++-+-+++-+--++--+---++++---+-++++++++++++------+--+++----++---++---+++++-+-+--++-+-
+++-+-----+---+-++-+-+++++++-+--+------++++++-+----+--+-++----++---++--++-++----+-+
+-++++++--+-++-++++--+-+---++-++-+-+-++++++++-+-+-+--+++-+----+--+-++++--+----+----
+--++++++-++-+--+--+-+---+----+--+++--+-+++++--+-+---+----++++-+++--++---++-+++++--
--+++--+-++++-+-+++--+--+--++--+---+-++--+--++-+-+-++--++-++-+--+++-+-+++-++-+-++++
----+++++---+++-+++-+-+-+++++++--+++---++--+--++++-+--+--++--+---+--+-+-------+-+-+
++-++++-+--+--++----++-++-+++-+++-++-++-++++-+-------++-+-+++--++--+----+----++++++
--+--+-+--+--+-++-+--+++-+-------++-+----+++--++---+---------+-+-++--++-+++-++-+-+-
+--+--+-+++--++--+----+-+-+---+----+-+----------+++---+----++++--+---+++--++-+---+-
-++-++++-+-+-+++-++++-+++----+++++--+--++-+++++++---+-+++++++-+++--+-+-+-+++--+++++
--+++++++++---+-+++---++++-+-+-+-+++++--++-+-+--+-++-++--+-+-+-+--+---+---+++++-++-
-----+--+-++++-++--+++++++++-----+---+-----+-+--+--++++-+--+-+-+++-+--+-++---++-+-+
+-----+-+++--+---+--+++--+++--+----+--++-+---+-+-+----------++-+--+-+---+++-+-++---
-++-++-+-----+-+---+-++--++++---+-++-+++---+--++++---++--+--+++++-----+++++-+-+++-+
-+++++++++-++-++-------+---+-++++-+-++--+----++++-++-+--+++-+++++++++-++++-+--+-+++
+-++-+---++-++-------+++---+-----++++++-++-++-+-++--++--+---+-+-++++-++++++-+-++-++
-++++--+----+++---++-+-+----++----+-++-++--+--+--++++++-+++-+-----++-+--------+--++
++-+---+-+-++-++---++--+-+--------+-+--+---++---++-++-+-+-+---+-+++--+-----++--++-+
--++-+---+++---++--++---+---++--+-+--+--++---+--+---+--++-+--++-++++-+--+---++---+-
+++-+-+-+++--++--++++++-+---++-+--+--++-++-+--+++++-++--++---+++-++--+--+-++-++++--
-++++-+++-++++---++++-+-++++-+---++++-+-+++-++++-+-+--+++++-+-+---++---+-++-+++-++-
+++----++-----++--+---++++++---+-++++-+-+-+-+--++-----+-----+-+-----+-+--+-+-+++-+-
-+---++++---+-+-+----+------+-+++++++++--+-----+-+++-++++---+------+++--+-+--+++--+
++---++----++--++++-++-+-++----+--++--+--+--+-+++--+--+--+--++++-++------+-+-------
--++--+-+--++-++---+-+-----+-+----+-+-+-++-------++-++----+-+---++++--+-+--++-+---+
----++---+-+++---+++-+--+-------+++--+------+--+-+--++++-+--+-+-+-++++--+-+-+++-+++
-++-+++-----+-+--+++-+-----+--++++-+++-++++-+-+-+-+--+++-+--+-+---+-+++++---++++--+
+-----+------++------++-+++-+-+-+-++++-++++++-+++-+---+++-++---+---+--++----+-+--+-
-++-++------++---+-+-+-+---+-++---+-++++++----------+-++++++-+-+++---+--+---++-++--
++-+-++++++-++++++--++-+-+--+--+++++++-++++-++++-++-+++++---++-++--+----+-+-++--+-+
++-++----+--+------+--++--+++----+--+----+----+++---+----++-+-+++++-++-++++++--++--
-+++-+--++---+++++++-+--++++--+-+---+-+-+--++---+++---++-++++-+++++++-+--+----++-++
-+--++-++---+-+----+-++++--+---++----------+----++--+++-+-+-+---+-+--++----+++--++-
+----+-+-+---+-++++--++-------+-+++-++----+-+-+++-+++--++++++-+-+--+++++-----+++-+-
---+--++-+--+-----+++-++-+---+-----+--++-+-++--++--+-----+++-++-+----++-+++----+--+
+++--+-+---+--+---+---++----+-+-+++-+-+-++---++-+--++++++--+---+---++-++--++++-----
--+---++--+-++++-++-++-+--+++--+--++-+-----+++-+++---+++--+-++-----+--+-++++--+-++-
-+----++---+---+--+---+++++--+++-+----++--+----+++-++++++-+-+++++-++-+--++-----++-+
+-+--+--++---++-++----+---+-++-++-++-+---+++-+--+-++--+++-+++-++-+++++++----+--+++-
+++----+-++--++-++-+-+-++-+-+----+-+-++-+-+-++-+-+-+---+-++-+++-+++---++++-+--++++-
++-++-+---++--+--+---+++--+--+-++--+---+++--++-+--+-++-++----++---++----+-+--+--++-
+-+---+-+-++------++++-+++-+--++-+-+--++--++-++---++-+--+-+-+--++-+-+---+-------+-+
++++----++-+--+++++-+-++-+++++-++-+---++-+---++-++-----++-+-+++++-++++++++++++-+-++
++-+--------++--+-++++++++-+++-+-++-++--+-+-+-+--+---++--++--+--++---+---+++-++--++
-+-+-+---+-++-+-++-+++-+----++-+--+-+-+---+--+-+--+---++++--+---+++-+++--++-++-++++
+-+--+----+-+--+--+++-+++--++-++---+-++-+--++----++----+---++---+++-+--++-+++++----
+-+-----++++--+----+---+--+++----+-++-+--+--+++-++--+-+-+-++++--+----+-+--+----+-++
-++++-+-++-++--+---+--++++++--+--++--+++-++--+--+++-+-++-++--++++++-+---+---++--++-
+-+-+++--+--+++--+-+-+-+-++++---+-+++---+--++--++--+++-+++-----++-+-++-+++--+-+---+
-+-++++-+-++-+++-++-++---+-+--+-++++---+--+-++--+++++-+--++-++-+++-+++++++-+-++++-+
++--++---+++-++---+--+-----++-+---+-+++-+--+-++-+++-+-+--++++-+--+++++----+-+----+-
+-+-+-++--+++-----+++++--+-+----+-+-++-++-+--+--+++-------+-++++---+--+--++---+--++
---+------++------+-++-++++-----+------+----+-++-++---++---+---++++++-++----+++-+--
+++--++-++---++----++-+++--+-++-+-++------+--+---++-+-+-++++--+--+--++-+----++---+-
+--+---+-+---++++-++-++-+-++--++--+--+--+-----+-++-----++-+-+-+---+--+--+-+-+++--++
-+-+-+++---+-++++--+-++-+-++-++++++++------++--+++++---+-+-++-+++-++++-++++++--+-++
+-+-++-+++-+++----++++-+---+-++-+-++-+-++--+--++-+---++++++-++--++-----+-----+-++++
+-++-+--++-------+-++-+---++--++---++-++-+++-+-----++--++---+++---------+-+-++++++-
----++------+-+++----+++--+-++-+-+-+--++++---+----+--+-+-+---+++-+-+++++-++-++-++++
--+-----++-+-+---++++-++--+--+--+-++--++--+--+--++---+-++--+-+-++-+++------+---+-+-
+++---+----++--+-+-++--++-++---++---++--+++++++-+++++-++----+-+++-+--+----------++-

Generation = 250, Population = 2975.
--++-----+-+++-----++-++++-++++----++++++++++-+-++---++++-+-+-+-++--+++-+++-+-+++-+
--+-+-+-+++-+++--++---+++++--+++--+-+--++-+-+---+-++++-+--++++++++--++-+--+--+--+--
--+++-++----++-+-+++--+--++---+-+-----+--+-++---+++-++--++++-++--++-++----++---++++
------+++-++-++-----++--+----+-+++-+---++-+-++---++++-++-++++++---+++-+--++--+++--+
-----++---+---+---+-+++++--+-+----++-+--++---+-++---++---+--++----+-++-+++++++--+++
+-++---+-+---+--++--+-++----+-------++------+---++--+--+-+----++-+--+-+-+-+---+-+++
-++++--++--+++--+--+++++--+++-+-+-++--++++++-++++-----+--+--+----+---+------++-+--+
-+--++-+--+-+++-+++--++---+---+-+--++-+--+++-+-++---+-+-----+++-------+++++---+++++
---++++++++---+++++-++++---++-+-+--+--+-++-+---+-+++++-++++++-+---+--+++-+------+++
+-+--+-+---+++-++----++------++------+-++-+++++--+-++++---++--++-+++----+++-++-++--
--++--++-+++++-+-+--+-++++-+++-----+-++--++-+---+-+--+--++----+++++----+-+-++++-+++
--+-++-+-++++--+++++++++-+--+----++-+---++----++--+-+-----++++++--+--++++-++-+--+--
+++++--+---+-+-+-++-----+++++-++++++--++------++++++-+-+---+-++++++++-+-+-++-++---+
--++-++++-++++++-+--+-++--+--------------+--+---+-++-++-++++++----+-++-++-------+-+
+--++--++-++++-----+-+-+-+++-+--++--++++-++----+--+-+--+--+-+-+++++---+-+----+++++-
----+-+---++---+++-++----+++-----+-+++-+-+++++--+++---+-+--+--+++-++-+-+----++---+-
--+--++++++-++-------++-+--++-+------+-+---+---+++--++-+++++----+-+--+----+---+-+++
-++-+--+--+-+++---+++-++++-+-+++--++--+---++++-+-+-+-++---+-+-+-++-+-+---+--+-+++++
++-++-++++++-++--+-+-----------+--+++-+++++-+-+-++---++-+++--++-+-++---+--+++++--+-
-+---+-+-+--++--+++---+++-+++++--+-+++++++-+++-+++-+++++--+-+---++++-+++-+++--+--++
--+++++----+---+--+--+-+-++----++++---+-++----++++-++----+--+-+++----+----+-+++-+--
-+--+-+++++++++--+-+-++-++----++++--+++--++-+-+++++----++--++---+-+-+--+++---+++-+-
+-++---++-++--+-++++-++++++++-+-+---++++-------+++--+---+-+----++---+-++--+-+--+-++
-+++----+-+-++--+-++-++++-++-+-++-+-++--+-++---+--++-++++++-++--+--++++---++--+-+-+
--+-+-+--+--+-+-+--+---+---++--+---++--+---++---+--+++--+--++-+-+++-+--+-+--+-+--+-
-+--+---++--++++-+++++++-++---+---+-+--+--++++--+----++++--++--+------+--++++--++-+
--++-++++--+----+--+++--+--+-+-++++++++++--+--+++++-+---++-+-+-+-++++---+-+++-+---+
--+-++---+-+++++++-+++-+--+-+----+-+-++-++-++-++++--++-++--+-++---++++++++--+-+++--
--++---+--++--+++-+++-----++-+---+--+--++-+-----++---+--+++--+++-+-+++-++-++-+--+-+
--+---++-+---------+--++++-----+--+++-++--+--+++-+----+++-++-++-+-+-++++++++++-++-+
+-+++--+-++--++-++++-+------+----+++-++--++------+++-+++++----++-+---++-+++----+++-
+-++-----++--++-+++--+--+--++----+-+-+-+++--+++++----++--+++----++---+-+-+++----+-+
+++--+-+++++-+++-+++-+---+-+--++-----+-++----+---+++--+++-+--+-+-++--++++---+++----
++----+-----+-+--++-+----++-++-++---+++-+---+--+-+-++++-+--+++-++---++++++--+---+-+
+--+---+-+++++++-+-++-++-++---+-+++++--+-+-++---+---++---+++-+-++-++-++--++-+-+----
+++++------++--+--+--+--+----+++++----+-++---++---+++-+-----+-+-+--+-+--+++--+-----
---+-+--+--+--+-++---+-+------+--+---++-++++-+-+++------+--+++++--+--+--++-++----++
+-+-+--+++---++-++-+-++++-+-+-+--++-+-----+-+-+--+-+------++----+-+-++++++--+-++++-
+++-+-+++--+-+++--++--++-+++++-+-+++++++-++-+++----+++-++++---+++-+-++-+--+--------
----+++-+++++----++-+--+-+-++++++--+++-+--+--+-----++---+-+-+++++--+--+--+-+++-++--
+--++-+-++-----+--++-+-++-+-+++-+--++++-++++-+-+------+-++-+-+--++-+--+-----++-+---
++-+-+---++-++-++--+---++--+-++--+--++++-+++-++-++++-+++----++----++---+-+--++-+-+-
-+++--+---++-++-++--+-+--+--+-++++-+--+--+--++--+---++-++----+++---+--+++---+++-+++
-+-+++-+------++-+----++----+++----+++-+++-+-++++-+----+--+-+---+---+--+-+-+++++-++
++-++--+-+-----+-+-+--++--+-+++-+++-+-+-+----+--+-+-+++-+++-+--++++--+--++++-++-+++
+--++------+++++-+++-+++---+-++-+-++---+-+--+-++---+-+-+-+--+----+--++---------+---
+---+--+++-+--++-+-+-+++--+----+--++----+------+++-++-+-++----++++++-+-++-+-+++--+-
+-+++++-+++--+++------+--+-+++++--+-++---+-++-+----+++-++++++----+-+---+-+-+--+++-+
+--+--+-------+-+--++++++++-+-++-+-+++++-+-+-++---+++-+----+-++-+-+-++-+++---+-+++-
+++++-+--++-+++-+--+--+++-+-++++-++-+++---+++--++-+--+---+-+--++-++-+++++--++----+-
--+++---++--+++++++++--+--++++-+--+----++-+-++--+-+++++--++++-+--+++--++-+++-+++-+-
+-+-++++--+-+--+---++---+-+-++----+-+-++-++---+-+++--+-+-+---+---+++++-++--+++--+++
-++---++---++-+-++---+-++-+--++---++-+--+++++-+-+--++-++++++--+-+-+-+--+++-+--+--+-
-++--+-----++-------+-+-++++----+-++----+++-++-+++-++-+--++--+---+-+-+++++++--+-+--
---++----+--++--+++++-------+--++---++-++-++++-++-+-+++--+-++-+---++--+-+--+---+---
--+++-++-+-+-+-----+-+--++-+----+---+-++-+++----++++----+-++-+-+----++----++--+-+--
--+-+-+-++-----+--++-+-+-++-+++--++--+-++--+-+--+++-+++---------+++-+-++++++-+--+--
-+--+---++---+++--++-++--++-++-++----+++-+-+--++--++-+++-+----++--+++-+--+---++----
----++--++---++-+--+-+--+--+--++-+--+-+--+-++-+-+++---++----+-+++--+-+---+++----+--
+--+-++-+-++-+-+---+--+---+-++-+-++-+++-++-----++-+++++++-++----+--++--+++---++-+-+
--+-+-+++-+-+-++++-++++-++-+-++-+-++-+-+--+-+---+----++++++-+++++-+--++---+++--++-+
+-+--++++++----++--++--++---+-+---+---++++++-+--++-++--+++---++-+-+-++--+--+-++-+++
+++--+-----+-------+--++-+++-++-++-------++--++-++++-+-++--+-++-+-++-++--+-+-+-+++-
++-+++---+-+++-+-+-++-++-+-----++-++++-+-+++--+-----++--++-+-------+-+-+++-+++-+---
+-+++-+++--+---+-++-++-++++++-+++-+--++--++-++--+---+++---++--++--++----++-+-+---+-
+-+-+-----+--++-----++++++-++++--+++++--+--+-++++--+-+++--+++--+--+--++---+---+-++-
+--++----+++-++-++--+-+++--+---++++++-+++++----++-+-++++----++-+--++--++---+--+++--
-+------++--+--+-+-----++++---+--++--+--++-+-+++--++-+--+-++----+--++--++-+-+++++++
-+++---+-++-++--+-+--++++--+---+----+-+----+++-+-+--++--++-+--+--+-+--+++--+-+-+-++
---+++-++--++++---+++--+----+-+--+-++--+++-+++-+-++-+-----+-+--++----+++--+++----++
-+----+-++++--+---+---+---+-+---+++--+--+--+-++++--++-+---+-+--+---------++-+---+--
-----+---+++--+--+--+-+----+-++-++-+-++++-+-+--+++---+--+-++-++-----+--++-+-+++---+

Generation = 300, Population = 2943.
+++-+-+-+------++-++--+-++---+-----+-++++++-+--+------++----++---++++---+-+--++-++-
++-++--+-+++-+-+------++-++-+-+-+++-+++-+++-+--++--++-+-+-+-+--+-+-++--+----++--+-+
-++++--+-++-++--++-+-+---++---+---+--+-+--+-+-+--+----+---++-+-++-+--+-++++--+-----
+-+-++-+--++++-+-+++-++++++++--+++--++-----++--+++-+--+-+-+--+-+++++---+--++-+--+-+
--++-++--+-+------+++-++--+------+++----+---+---+++----+-+++---+---++-++++-----+++-
++--+++----+--++++++--+-++++-+++----+---++--+-+-+-+----+--+++-++--++-+++--+-+----+-
+-+++-++-++--+----+-++---+-+-+--+-----++-++---+---+-++-+-++------+-++--++-+--+---+-
++++++-+---+--+---+++++--++---+--+++++-++-+-++++++-+++++----+-++-+--+--++----++-+++
----+-++-+----++++--++++--++-+++++++-++-+-+--+--+---+++--+++-+--++-+--+-+--+++---+-
++----+++-+-++-+++-+-++---+++++-----++++-++-+-+++----+---+----++--+----++++-+-+----
--+----++++--+---+-++++++-----++++-----++-+-+---+++-++--+-+--+-++-+++-++++--+-++--+
+++----+-+--++---+-+-+-++--+-+-+++---+-+---++-++-+--++++-----+-+++-++--------+-+-++
-++-+++-++--++-++-+-+--+-+-+++++--+-++---+-+++-+++++-------+++-+-+--++++-+----++---
++-++--+-+++++--+++---+++--+-+--+-++++-++---+++-++---+-----++-----+-++-++-+-----+--
+-+++--+++-+-+++-+++-+----+--+--+-+-+--+-+--+-+++-+-++---++++++--+-----++--+---+++-
+---++-+++++----+--+-+--+-+++--+++-+--+---+--+--+---+---+++--+++++-+++-+---+--++-++
++-+-++-+---+--++--+++--+-+++-++++------+--++-++-++++-++---+-+---++--+++++++-+---+-
-+++-++------+-+-+++-++-------+---++-+-+-+-++----+-------++++-++----++-+++---++++-+
++-+++++-++----++---++----+-+++--++--+++-+-++-+-+++-+--++++-++-++++-+-++------+----
----++---++-+++--+--+-+----++++---++--++++++---+++-+++--+--+--+-++-+--+---+--+--+-+
++-++-+-+++++-----++++---++--++--++++----++++--++++--+----+----+--+++--++--++-+-+--
+-+----++-++++-++--++-+--+-++++-++---+--++---+--+--+-+++--+--+--+------+--++-+-++--
+++++++---++---++--+--+----+-+--+--+-+--++-+-+-+--+++++--+--+-++--++++-+--+-+-+++++
+----++---+---+--+--+-++----+--++++++-+-+--+-+---++-+-++-+++----+-+++--++-++----++-
---++++--++-+-+--+-+-++++++++----++++-----++-+--+--++++---+------------+-+-+-++++--
-+-----+--++-+++++-++-++----+-++-+-+-++--------++++---++-+-+-+--+-++--+-+++----++-+
++--+++-+-+-+++++-++--++++-+++++-+-+-++------+-+-++-+++++--+++++++-+++++--+--+-+--+
-+-+--++++--+-+---+-+--+---++-+----++-+-+++-+++++-+--+-++-+-+---+-+++----++-++-+++-
--+------+-------+--++++-+-++--+-+-----+-+---+---+-+++++--+++-----++-+++-+--++--++-
-----++---++-+---+-+----++++-+++-+++-++-+-+-+++---+--+++--+--------++-++++-++++-+-+
+-++-+-+++--+++--+--+++--+--++-+++--++++-+---+--+++--++-+-++--+--+--+-++--++-+++++-
+--+--+++-+--++-+-+--++++----+-++-+---+---+++---+++-++--+--+--+++-+-+-+-++++-+++-+-
++-+---+++-----+-+++-+--+--+++-++--+-+-+-+++-+-+++---++-+---++-+-+++-++-+--+-+-+--+
---+-+++++--+-+--+++-++---+++++--+----+++--+--+-+---+-+-+-++-++-+-+----+-+--++-+++-
---+--+---+++-++-+++++++---+-+++++--+-+++-++++-++-+--++--+-+--+++-+--+++-+---+++-+-
-+++--++----+--+-++-+++--+-++----+++--+----++++---++++++++--+--+---++++-++-+++-----
+--++--+-+-+---++-+++---+--++--+-+++++--++--+-+--+--------+-++-+++--+-++++++-----++
-++-+-+-+-++---+----+--+-++-+-+--++++-+++++------+-++++------------+-++---++-++-+-+
+---+-+++------+-++----+-++-+-+++--+-------+++-+--+-++--+--+--+++------+++-+++--+-+
--++-+++-+---++-+-++++-+++-+-++++--+++--+++-+----+++-+--++-+--++-+------+++-++-+-+-
----+-+---+-+-+++-++------+-++--+----+++-+-+-+-++++--+--+++-+-+-+++--+-+-+---+-++-+
--+---+-+-++-+-+--++-+----+-++-+--+---+-++--+++-+-++++-++-+-++--++-+++++--++++-+---
------+-+--++----+++--+++-++++--++-------+--++++++-+-++-++++--++-++--++++++-++-+--+
----+-++--+-++++--++-+-+----+-+--+--+----+----++-+------+++-+-++++++--+---++---+-+-
+----+-++++-+-++--+++--++-+-+-----+-----+++-+-++++-++--------+++-+-+----++-+---+-++
-+-+---+-++--+++--+++++-+++-+---++-+-++-++-++-+----+-++++------+-++-+++++++-----+-+
-------+--++-+-+-+-+--+-----+---+-+--++--++++---+++-+-+-++-++++-+-+++++++++++++-+--
-+++--+---+--+------+--+---+++--+++--+--++--+-------++---+-+-+---++-+-+-++-++-+++++
++++-++++++-+-+--++-++++--+----+----------+++-+-++++++-+++--+--+++-+----+-++---+-++
--+-+++---------+-++-++++++-++++--++-++++---+--+--++--+-----++-+++--+-+--++-+-+-+-+
-++++---+----+++++-+++-----+++-+-++--+++-+--++-+-+++++--+-++---+++-+-+-+++-+-++----
--+----+-+-+-+-+--+-+--+-+-+-+--+---++++-+-+++-+-+-++-+----++---+---++++-+-++-++---
+-++---++-+-+++++++++++++-+-+--+-+++--+++-+-----++-++----+----++-+-+++-------+----+
++--+++-------+-+--+----+-+++----++-+-------+---++--++-+---+++-+-+-+---+--++--+++++
++++++-+--++-------++++---++-+-++-+-+-+---+-++++++-+-+--++--++-+++--++-+--+-++-++-+
+---++----++--+++--+++++++---++-+++-+-++++--++++-+----++-+--+++++-++------++-+-----
-++-++-++-+----+-++-------+------+++---++-+-+-++++-+-+----++++--+++--++---++---+-+-
+++-++--++-+--++-+--++---+++-+--+-+-+-----+-----+-+-+--+-+--+-+-+----+++-+---+-+-+-
--++---++++--+--------++-----+-+++--++-+-----++-+---+++---+++++-++++--+-+-+-++-++++
-+----+-++-++++++++-++++++----+----++++--+--+-+--+--+++--+-+--+--+++++--+++-----++-
-++---+-++++-+--+----++-+-+-+-----+++-+--+----+++-+-+++++-----++--++++-++++++-++---
-+------+---+--+++++-+-+++-----+---+++-++--++----+-+++---+-+--++++---+++++-----+-++
---+++-+++----+--+--+--+----+++-+-+----+---++++--++-+-+-----++++-+--+--+---+---++++
-++--++++-+-++++++--++-+--+++--+--++--------++--++++---++-+-+++-+++++-----+-+--++-+
-+-+++++++-++++--+++----++-+---++-++---++---+-+++-+++-+-+-++---+---++-++----+++---+
++-+++++---+-++++-++-++--+---+---++-+-+--+--++-+-+---------+--+----++--+--+++---+--
+-+--+-+-----+++-+-+++---++++-+++------+-+++++-+-+--+---+-+-+----++-+-+--+----+--+-
--++-+++-+--++---++++-+----------+--++---++++++-+---++--++----++---+-+--++--+++--+-
-+++---++-+--++--++-+++++--++---+++++--+++--+--+--++++++++++-+-+--+-+++++-+--+-++--
++++--++-+-+-++----+-+-+----++----+--+++++-+------+++-+-++-++-+---+-+-+++-+-+-+--++
---+--+++---+++-+----+-++++--++++++-++++---+----+-++---++-+--+++--+-+--+-+-+-+-+-+-
+----+++-+-+-+-+++-+++---+--++++----++-----+-------+--++++++-++++-+-+---+-++-++++++

Generation = 350, Population = 2933.
+--------++-+++----++++-+++++-+-+--+++++-+++-+------+++++----++--++-+++++++---+++++
++++------+-+-+-+-+--+-+-+--++-++-++------+-++-------+-----+-+--+++--+--++--++-+-+-
-+----+-++-+--++++-+-++++-++-+++---+---------+--+++----++++-+-+-++-++--++++-++-++-+
++-+-+++-+---++------+----+--+-++------+-+----+--+----++-+-+-++-+++--++-++++----++-
-+---+-++------+-++++-+++-++-+-----+++-+++-------+--+++-+---+++++-+--+--+--+--++-++
+---++-------+----+-+++--++-+++---++-+-++-+-++--+---+-+-+-+--+--+-++-+++++-+-+----+
------++-------++-+++-+--++-+-+--+-+--+++++++-++-++--+--+-----++++++++++--+++-+--+-
+--+-++--+++-+++--+-+++-----------+-------+++-++-++++++-+-+-+++-++++--+++++++-++---
--+--------+++++-----+-----+---+-+-----+-++---++---++++---+++-+-----+-++-++++-++-++
--+-+----+--++-+-+-+-++-+-+--+--+--+-++++-+++-+-+++++++-+--+++----+-+----+++++-+-++
---+----++-++-++-+-++-+---+-+---++++-+--++-+++--+--+--++--+-+-+-+--+-----+--+---+-+
+-+-+-------+---++-+++-+---+-++++-+-+-+++++--+++++--+--+-+-++--+++-+-+--+-+----+--+
-++---+++---+--++++---+++++-++-+--++++--+--+----++-+++------+-+--+++-+-+++-++-+--++
-+-++++++----+---+--+-+++++--+--+--+-+--+-+++----+---++-+----++-+---+++++------++++
---+++----++-++----++----+++-----+++++++-++-+-+-+------++-+++++----++----+-++-----+
+----+-++---++-+-+++-+--+-++--++++--------++-+-++-++--+++-+---+----++------++++++++
++++-+-+-+---+++---+--++-+-++++++---+-++-++-+++++-++-+--+--++-+-+---+++++----+-+---
+--+-+++-++-+----++-+--+++++-+++-+-----+-++--++--+--+-++-+-+++-++-++--+----+--+-+--
++-++-+++++--+-++++++-++++-+++-+------++-----+--++-+-+--+-+++-+++-+-------+--++++++
+--+++++--++---+++--+-++-++--+++-+-+++-+---++-----+-++-+-++++++-+--++-++++-+---++--
-+++--++++--+++----++--+++--+---++-+---++-+++--+-++---+--++-----+-----++++--+-++---
+---+--++--+---++-+--+-+++-++-------+++---+++---++----++--++-++++-+-++-++++++++-+--
----++++------+-+-++-++-++--++-++-++--+-+-+++-+---+++----+++-+-+--+----+-++---++---
--+-++-+-++--+------+-++++-+----++---+--+-++---+-----+++-+----+----+-+++--+-+-+-++-
-+-++++++--+-+---+--+--++-++--+++-++++----++-+++++---++-+-+--+-++---+--+-++-++--+--
---++++-+-+++-------+--+-+++++---++-++++++++-+++++---+-++----+--+-+---+---++-+++--+
+-++-++--++++-+-+-++-+--++----+++----++-+-++--++---+--+-++--++--+++----+-+++-+++++-
++++++++-+-++-----++--+++----+--+------+-+--+-++++++-++---+----++++-+-+-+++++-+++++
+++-+-+--+--+--+++--+--+---+++++---++++-++------++--++---+-+++-+++-++--+-+++-+--+--
---++++--+-++-++----++-+--+-+++---+---+++++++-+++++++-++---+-+++----++++++----++---
---++--+--+-+--++++++++-+--++--+--+-++-+-+-+-+-+--+++---+++--+---++----+----+-+-+--
++----++++-++-+--+--+-+++----+----++++---+--++---++--++----+++-+--+--++--++++--+++-
---+++-+++-++++----+--++-++++++++++-++--+--+++-+++-+++----++-++-++++--++-++---+---+
+-++++-----+-+++++++--+--++-++-+++++++-+-+-----+-++---+--++-----+-+-+++---+--++-+--
+-+++---+-++-+-+++++-++-+--++--++-+++-+++--+-++++-+--+---+---++-++------++--+---++-
-----+++-+++++-+--++++--+--++---+-+-+--+++-+++++------++-----+--++-++---+-+----+---
-+-+-+++-+---++--++-+-+--+++------++++-+++-++-+---+--+++---++++---+-+--+---+-+-+-++
-+---++-+--+-+-++----+-++-+--+---+-+-+--+-+++--++-+-+-++++--+--+--+-+-+-+-+-++++-+-
+-+-+-+-+++---++++++++++---+-++----++--+---++++--+-+-++-+---+-+-+++++++++--+++++--+
+--++----++-+--+--+-+--+----++++--+++-++-------+--+--++-+-+-+--+++-----+---+-+-++-+
++-+-+-+---++-+---+++++--+++--+++-++-+-++-+-++--------+-++---+++--+-+++---++----++-
-+--++-++-+-+++--++-++++-+-+--+++-+-----+++-----+-+-+-++-----+-++--+----+++-+----++
-++-+-+-+++--++-++++++--+--+--+-+-++-++-+++-++--++++-+-+-+++++-+--+-+++++-+----+--+
--+++-----+-+-+++-+-+-------+++------+++-+--++--+--+-+----++-+++---+--++--+-----+-+
+-+----+++-+-+-+++++++-+-++--+-----+++++-++-+-++-------+--+++-++++-++---+++------+-
++-+-++--+--+++-++++-++-+--+-+-+--+-++-++-------+--+++-+---+-++--+--+-++-+++-----+-
++--++-----+-++----++-+-+++-+---++--+--+---+++-+-+++----++--+-++-+-++++-++----+--++
+++--+++-+--+-++++++-++-++-+++-+-----+++++-----+-+++-+-+--+++----+-+---+----+--+-+-
--++-+++-+--+-+---+-+-++-+++++++-+-+--+---+---+-+++--+---+---+++++-+-+-+---+-+---+-
--++-+++++--+-+--+-+-+-++++-++-++-++++--+++--+-++-+++-++---++--+-++---+---+-----+++
+----++-++-++-+---+-+--++----+--++-++-----+--+-++-+++-++-++-++++----+-+-++-+-----+-
-++-++-++---+--+++---++-----++---+---+-------+-+-+--+---+++-+++--+-----+++--+-++++-
++-++--+--+++--++-+++++----+-+-++------+-+++++++-++---++---+---++-+++++-++++----+++
-+++--++-------++++++-+++--++--+++++-++--+--+--+-++++++--++++-++--+--+++++++---+++-
---+-+++++-+----+--++++-+--+--+-+--+--+++----+++++---+-+--+-+-+++-+------+-++++-+--
+-----+---+-+++-++++-++--+--+++------++----++++-++-+++--+-++---+-++--++-+++-++---++
--+--+----++--+-------+-+--+--+-++-+---++--++---+++-+---+++-+-++-+--+-++--++++--+--
-+-+-------++++--+----+++-+++-+-+-+++++-----++-+-++-+-+-+--+--++-+-++++-----+-++---
+++--++-+--+++--+++--++--+-+-+++++++---+-------++-+++-++++-+-++-++-+++-++-+-----+++
-+-+---++++++-+---+----++-+-+-+---+++--+++++-----++---+-+-++--+---+++++------+-----
+---+-++-++-+---++-++--+---+--+-+-++---+-+----+-+----+--+-----+-+-++-+--++---+++-+-
--+-++--++--++-+-+--++--+++++--++------++-----+--+--+--+-+++++------+--+------+---+
----+++--+-++--+--+++---+--++----+++---++-+-++++++---++-++++----++++++-++++-----+--
--+---+-+++++---+----+-+++--+-+++---++----+----+++----+-+--+--+---+---+-+-+--++-+-+
++-+--+-+-+---+-+---+-+--++--++---++-+-+++++++++-+-++-----+++++++--++++-+-++-+-+-++
+---+-+-+--++----++--+-+++---------+--+---+-+-+-++++-+++-+---+++-++--+-+--+-+-+++-+
--++-++---++-+---++--++--++---+-++++-+-+++-+---+--+-+++-----++-+--++-+----+++---+--
++---++--++++-+-+-++-----++++------++--+-+--++++-+++--++++-+---+-+-++++++-++-++--+-
-++++-+--++--++-++--++++++--+-+---++-++--++--+-+-++++++++---+-+++++--++--+---++++--
-++----+-+-+-++---++++-+--+--++-+----+++-++-+--+--+++++-+---++-++++++-+-+--+---++--
-++-----+-+---+-+-+-+++-+---+++--++++-+---------+-++--+--+++--+-----+---+-+-+-+++-+
-+------++++++---++---+++++--+++-++--+--+---+--+-++++----+---++-+--+--+--+--+-+-+--

Generation = 400, Population = 2902.
-+-+-------++-+-+-++-++-+++-+---+++-+---+++-+-+-+----++-----++-++---+---+--+++-+---
--++-+++--++-++---+--+-+++++-++--++++-+-++--+++--+-++-+--+-++-------+-+--+++------+
+--+--+-----+-----+++-+-+-+-+++++---++++-++--++++-+-+++--+++--+-----+-+++-+--+--+--
---+-+-----+--+-+-+--++--+----+-+---+++++++--++++--++-+++-++-+-++----+-++--+++++-+-
++-+--++++--+--+-+++++--+++-+-++---++-++++---++++-+-+-++--+--+-----+-+--++++-+++++-
+-+-+---+----+-+++--+------+-+++-+-++++-+++-----+--++----+---+-++-+++----+---++--++
--+-++++----+--++--++-+-+---+++-+----+++--+-+-+---++++--+-+--+++---+--+-++++++---++
+----++----++--+--++++----++++++++-+---+++-+---+-+++++---++---++--++-+-++-++--+-+--
-+----+++-+-+-+++-+--++++++++--------+-+------+-+++-----+--+--++--+++-+-++-+-+-----
-+-+---+-+---+-+++-+++-+-+---+++--+--+++-+-+--+--++++--++---++-+--+--+-+-+++-+----+
++--++---+++-+++--++++---+-----++-++++-+-+---+-+-++-------+-----+-+--+++----+++-++-
--+-+++-++---+-+++---+++------+--++--++++--++-+++---+--+++--+------+-++----++-+--++
+--+--+++++++-+++-++--+----+-++---+--++---++-++----++-+-++--+--+-++---++-+-+-+++++-
+-+--++-+-+-+---+--++--+++-++++-++-++++--+-----+++-++-+-+-+++-+-+-----++++++-------
----+--+++--++-+-++------++----++++--+--++-++-+----+++---+-+-----+---+--+-+--++--+-
++--+------++-+--+-++++-+++++--++--+-+----+--------+-++++-++-----+-+-+------+---+--
-++-+-+++-+-+---+---+++---++----++++-++++-+----+-+++--+----++----+----++++-++++--++
+-++---++-+--+-----+-++-+++-+-+-++--+-++--+-------++-++-+--+---+--+++----+--+---+--
+-+++++++-+----+-++-+--++-++++---++++++--++--+-+--+-+-+---+++--++++-+-++++++-+----+
++++++--++-+++++---++-+-+-+-++-++--+++----+++-+++-++-+++--+--+--++---+--++-+-++++--
+-+++--+++---+--+-+-+-+--+-+----+--+--+-+++---+-----++++-+----+--+++-+++-+------+-+
--+--++++-+-+++++-+-++--++-++-++++-+---+-+-+-+-+--++++++-+-++++----+--++-+--++-+---
-++-+++++++++++-+-+++-+++----+-+++--+-++++----+-+---++-+++---+++-----+--+----+++++-
++++-++--------++-+---++++--+-----+---++-+-++-+++----+-++-+-+-++-----+-+-+++-+--+--
+-+---+-+-+-++----+-----++-+-+-+++++++--+-+--+++-+----++-+----++-++-+-+-+-+++------
+-+++--+++++++-+--+--+++-++---+-+-+++++----+-++-+++++-+++++-+-+-+--+-++-++-++---+++
---++++++-++--+++-+-+-++++--++--++--++---++-----++--++-++++-++-+-+-+++-++--++++--+-
-+--+++--+-----++-+------+---+++++++++---+++------+---+++++--+++-+-+--++--+-+--+-+-
-+-+--+++++-++++++--++++-+++-+-+--+-++++-----++-+-+-++++--++-+---+--+-++-+--++--+++
++--+-++++---+-++++-+-++-+-++++++++---+-+-+++-+---+---++++-+--+++--+--++-------+-+-
-++-++-+--+++-+++-+-+++--+++--+-+++-++---+-++-++-+---+++--++-+-+-+++-+--+++-+--+--+
--+--++++++---++----+-+-+-+--+-+++++-+++-+---++++++-+++-+-+++-+-+++-+-++++++-++-+--
--+--+++--+-++--+++--+++--+----++--++---++--++-+-+--+----+-+-++--+-+-++--+-----+++-
--+--++-----+++-++-+---+---+-----+++--+-+------+---+-------+-+--+++-+-++-+++----++-
++---+++-++--++--++-++------++-++---+-+------++-+--++--++-----+-+---------+--++-+-+
-+++-++------++++------+-++++--++--++-+---+---++++-+-----++-+++--+++--+-----+-+-+++
-++--+-+---+---+--+--+---+-------++--+-+++-+--++-++++-++-+---+---++-++---+--+----++
-+++++-++++-++-+--++----+-------++-+---++-++---+++-+--++-------++++-+++---++-++-+-+
-++--------+-----+-+--+----+-+-+-+---+-+-+++-+--------++++--+----+++----++++-++-+-+
---+-+----++++-+-++-++--+-+---+-----++++++-++--+-+++++-++----++++-+--+++--+--+++---
+-+--++-+++-++-+-----+--+--+------++-+---+---+-----++-+----+-+++++---+---+++-++-+-+
-+-++-+++----+-+---+-+++-+---++---++-+--+--+-+----+-++-++++--+--++-+--++--++-++++--
++-+---++-++---+----+--++-+-++++++---+++--+-+------+-----++--++--+-+-++-++--++-+--+
-+-+++--+-+++-++-++-++++---++-+--+-+----++-+----++++-+---+-++++-+-+++++-+-++--+-+++
-+-----+-------+----+--++-+++-+++-+--+++++-+++++--++-----+--+------++----++++-++-++
------+-++-++++-----+-++---+----++---+-----++-++---+-+-++-++-++-+-+---+++-----+-++-
+-+-+-+-+++-+--++++-++-++-+--+-+-----++++-+++++-++-+++--+------++---++-+++--++++---
--+++-++---+---++++---+++---+-------+-------+-++----+-+++-++--+-+--+++---+++----+++
-++--+++--+-++-++----+-+-+-++--+++---++-+++-+-++++----++-++++---+-+-+----++-+++----
+++-+-+-+++-++--+++---+--++++-+-----+-+-+-+--++++-+--+++---+----++--++--+++-++-+---
-+-+-++++-+-+-+----+-----++--+++----++-++-+++-++-+++++--+---++-++++++--++----+-+++-
+-+----++-----++---+-+------+-++--+-++--+-+-+---+--+++-+++-+--+-++-+-+---+----+++--
-+--+-----+++-+++++-+-++++----++---+-++-++-+--++++++++++++-+----+----++--++-+---+--
+++--+++++--+--+-+++---+-+-+++-----+---++-++++--+--+-+-++---+---+-+--+++++--++-+---
-++-+-+-++-+-++-++---+---++---+--+-++-+-++--+-+-+--+---+--++--+------++--+--+---+-+
+----+++-+------------+---+--++-+++---+-+++-+---+--+-++--++---++-+------+--++-++---
+++-++-+---+-++++++--------++-+++++-------+-+----+-+--+------+++++--++-++---++-+++-
++---++-----+-+------+++-++--+-----+++--------+++--+--++--+++-+--+++-++-+++-++--++-
-+-+++++-+-++++-++--++--+----++-++-----++++---+--+--+-++--+-++----+++++--++-+-++-+-
---++++--++-++-+++++-+--+-+-+++-+-++-+-+-+--+-++++-++-++-++-+++-------+---+-+-+--+-
-++-+-++++++-++-----+++++--++-+++---++++++-++-++++-+-+----+++---+-+-+-++-++-+++++--
-+-++++++--+-+--+++--+---+---+---++--++-+-+-+-+-++-+++----+++-+++++++-+--+-+------+
--+-+-+---+++-----+---++--+++++++-++-+-++-++++-----++++-++----+--+---+----+-----+-+
-+----++-+--+--+--+-+-+--+-----++-+---+-++++-++-+-++-++---+-++--+--++-+-+-+++-+-+++
+-+--+-++-+++----------+----+-+++++-+++-----+-+---+--+--+-+-+-+++-+-----+-++++--+-+
-++-+++--+--+++--+--+-+-++++-++--+++++--+-+-++---+++-+--------++++----+++-+---+-+++
+++-+--+++-+-++-++++----+++++-++-++-+++--+----+-+-+-++++---+--++-+-++--+-----+-+-+-
------+--+--------+-------++++--+-+++++--+-------+++++-----++++-+--+---+--+++-+++++
-+++-++-+----+---++++-+-+++-+-++-+--+-+++++-++-+-+--+-+--++---+++-++--++--++--+++++
+++--+-+++++-+++-+-+----++---++---++-++++-+-++++---++--+-+-++++--++++-+---+-+-+-++-
-+---+--+--++-+--+-++-+---+-+--++++--+--+-++++++-----+-------+++-++++-+-+-+-+-+++++
-+-++++--+---+-+-+--+-+-+-++--++++--+--+++---+++-++--+++-+-+-+-+---+++--++--------+

Generation = 450, Population = 2991.
-+-+-+-+--+++++--+++++++--+----++--++-+++-+--++++--+-+-+++---++--+--+---+-----+-+--
---++-+--++++-+--+-+-+-++-----++------+++++---++++-++--+--+--+-++++-+-+----++-+----
--++-+--+-+--++---+-+-++---+++++++--++--++-+----+++++---+-++--+-+-+-+--+++--+---++-
-+++-++---++----+---+++--+++-+-++-+++-+-----+----++++------++-+---+-++++--++-+++++-
-++++-++--+++--++-----+-+---+----+-+++++++++-+-+-+---+-+-+-+-+-+-++++---+----+-+---
+++----++-++---++--++-+-----+++-++-++-+--+++++++--+--++-----+-++++----++-+--+----+-
+-+---+-++-+----++----++-+--+-++----+++--+-+--+-+--+-+-+-+-++++--+------++-++-+-++-
-+-++-+-+-+++---+++-+---+----+++-++-+++--+-++++-++-++-++-++++---++--+-----------++-
--++-+-+-+-+--+-+++++--++-+++-+++++----++++--+++++-+-+-+++-+--+++-+++-+--+++++-+++-
-+------+--+-++-++---+-----+--+++---++--+++++-+++++-+++-+--+--+-+---++++-+++-++++--
+-+-++----+-+-++++-++---+--++-+--+-+----++-++++----+-++++++++---++--++++-++++++-++-
--+--++-+---+++++-+-+-+----++++++++--+-+--++----++-++----+++--+-+--+-+-++--+-+----+
-+-+-+--+---+-++--++----+---+--++-+-++-----++-+++++--+-+--++++--+--+--++++-+-+-+-++
++---+-++++++-+-+++--+-+-+++++++-++---++++++---+--+-+--++--+-++-+++-+--++---+-++--+
--+--++-+------+--+++-++-+-+-+--+-+---++--+++-++-+---+-+++-+---+-++-+++---++-+++-++
+--+++---+--+---+-++---+--+-++--+---+--+++-+--------+--+--+--+-++---+-++---++--++--
-+-+-+--++--++-+---++++-+--+-++-+++++--+++-+++++-+-+++++--+-+--++++-++---+-++---+--
++-+---+-+++-++-+-+++-+---+-+-----+-++++-++++---+++----+++-++-++--++---+-+++---++++
++++-++--+++----++-+++--+----+-+++-++--++--++---+++-+-----+--++-++++-++----+-+----+
++-++-----++-+-----++++-----+--+-+++-++++-+--++-++------+---++-++----++-+-+----+-+-
+-++++---+----+--+---++-+--++--+-----++-+-++-----+-++---+------+-+-+-+-+---+++-++--
+-+-+-+-+--++-+++++--+++-++-++--+----+-++-++--+-++-++-----+++------+-+++-+--++++--+
+---+++--++++++------++++--+-+-+-+-+++-+---++--++--+++--+-+--+++--+++++-++++---++-+
--++--++++-++++++-+-++--+-+-+--++-------++-+++-+-+-+----+---++-+-++---+-+++----+-++
+-+--+----+-+-+--+-++++-+---+++---+-++--+-+----+++++-++-+-+-----+--+-+-+----++--++-
+-+---+-++----+---+-+---+-+++---+-++-+---++--++-+-++-+++---+-+--+-+-+--+-+---+-+-++
+---+-++-++-++------+-++++---+--+-+-+---+--+++----++-++-----+-+-+------++++-++-+-+-
++-++---+-+-++-+-----+-+--++-+++--+--+---+----+++-+++-+-----+-+----+--+-+-+-++--+--
-+-+---++++---+++++-++-++++++---+++-++--+--++++-+-+++++-+---++--+--++++++-+-+-+-+--
++-+++---+-+++--+-+-------+------++-+++--+----++-++--++++-+--+++-+-+-++++-++--++-++
+-+++-++-+---+---++++--+++-++-++++++---+-+----+-++-++++-+++-+-+--+-++-+-+--+-++++++
-+----++----++++--++++-+---+--+++-++-++-+++++-++----++-+---++----+--+-++-+--+---+--
+-+--+--+++++-+++--+-+++++--++++++++-+-----++++-++-++++----+-+-+--+++---+---+-++-+-
-+-+++++--++++++-++++--++--------++--+----+-++-+++-+--++---+-++----++-----+++-+-+++
+---+++++-------+----++-++---+-++++--+-++---+++--++-+--++-+--++--+-++++-+++-+--++++
-++---++-+-+--+----+--++-+++++--+--++++--+--+-+-++--+-+--++--+--+-+++-+-----+++----
----+-+--+--++-++-++++------+---+--+--++-----++-++-----+++---+-+-++---+-------+--++
-++---++++++---++-+-+-+--+----+++-+++++-+----+--++++-+-+++-++--+--+-+-+--++++++----
+--+-+--+-++-+-+++--+--+---+-+++-++-+--+++++-+--+++-+--++----+++-----++++-+++-++-++
+---+++----++++++----+++--++++---+-+--+++--+-----+---+-+++++-+--+++-++-+---+-++-+-+
-+-+-+--+--++-----+-+++-++--+-++--++++++--++++-+--+---+---+++-+-++++---++++-++-+-++
--+--------+-+-+++-+-+-+-++--+--+--+-+++-----+++-++--+---++++---+--+--+-+---+-+++++
++--+++---++++-+-++---+++--+--+---+-+-+-+-+-+--++++++---++--+-+++-+-+-++++--------+
--+++++++-+--+----+-+++++--+++-++--+---+++-++-+-+++++++-++++--++---+--++--++--++-++
+----++--++---+------+---+-+++--+---+-+-+------++--+++-+-+-++++-----++--+---+-+-+--
--+-++-------+--+-++-+-+--++++-+++--+--++--+-++++-+-+-++--------+-+-+-+-+---+-++---
-++-+++-+-+-+-+--++----++--+-+---+-+----+++-+-++-+++-++++++-+++--+++---+++---+---+-
-+-+++++--++---++-+--++-+--+-----+++-+-++-+-++++------++---+---+-+----++-++-++-+--+
-+-++--+--+--++-+++--++---+++-+--+--++-+++-+-+++++---++-+-+++-+++-+-+--++-+-+--++-+
--+---+++-+-++--+-+----++++-++-+++---+++--++--++++---+-++-+-+-+-++-++++----++++-++-
++-++-+-+-+-++++++-+-+-+-+--+-++--+++--+--+-+--+---++-++--+++++-+-++-++--++++------
+++----+--++++-+-+-+----+-++--+-+-+++---+++--+-+-+++-++-+++--+----+----++++-+++--+-
-++++-+--+-++++++++++-+++-++--+++---+-----++-+++-+++-++++++--+---++-+-++---+-+-+-++
--+-++-+--+-+++--++-++-+-+--+++++--++-+--+-----+-++---+--+-+-++---+-+-+++++++-+--+-
--+-++++---+++---++++++--++--+++-+-+-+-+---+---+++-+-+++++---+-++---+-+-+-+-+--+++-
-+++-+----+--++---++--++-+-+++---+------++---++++-+-++++----++-++++++-+------++----
---+++++++++-+++-------+----++---+++++-+++--++++----+-+++--++++-+-+--+-+--+++-++++-
--++---+-++-+--+++--++----++--+--+----+-+----+-++-+----+-+---++--+-+--+++++----+-++
+-++-++++++++-+-++++-+--+++-----+--+--+-+--+--++-++-+---+---+-+--++----++++---+-+-+
--++---++++++--++-+--+-+++----++-++-+--++-+-++-+++++---+---+++++-++-+-++-+++-+-+-+-
+--++-++++++++--+++-+-+---+-+----++-+++-++--++---++++---+-+---+-+---+++-+-+++---+-+
-+-++--+----++-++++-+-++++--+-++-+-++-+---+--+++--+--+------++++++----+---+--+--+--
+-+-+---+++--+++---+++++---+---++--+-++-+-+++-+--++-++++++++--+++--+++-++-+++-----+
------+----+----++-++--+-+--++-++--++--++-+------+-++----++-++--++++-+-+++-+-+-+-+-
+---++++-+-++----+-+-+--+--+-+--+++-++-+--++-++-+----+-+--+++-----+++-++++-++-+++-+
+-++++----------+++-++-++--------+++-++-+-+++--------+++-+++-+-+-+++--++++-+++--+--
+---+---++-+-+-+--++--+-+++-+---++++-+-+-+-+-------++---+--+++-+++--++-+++++++++--+
+-++++---+-+--+--++---+-++--+-++++++++--++++++-+-+-+-+++++++-+++++--++-----+++-+-++
+--++---+----+---+--+----+-+-++++---+--++++---+++-------+-++----+-+-+-+-+++++--++-+
-++++-+-++-------+++----++++++-+--+-+--+++---++-+++++-+++-++-+-+----++--+-++---+-+-
+-+-+----+-+---++-----++-+-++++++---++---+++-+++-+-++-+++-++-+----++--+--+--+++-+--
----++-+--+----------+-+++++-+-++-+--+--+--------++-+-++++--++-+----+--+-+++++--++-

Generation = 500, Population = 2972.
---+-+-+-+--+---+----++-+--+--+-+-+++----++++-++++--++---++---+-+++-++++++-+---+---
+++++---++-+++-++-++------++-----++---+---+---++++-----++-++-++--++--+-+--++-++--+-
--++-++-+-+-+-+-++++---+++++-+-----++-+----+++---++--++-++++-++++-++----+++++--++-+
--++++++-+---+--+++-+++++-++------+--+-+--++-+-+--++++++++++++--++-+++++--++++++-++
+---+-+-+--+---++-+--+++---+--++--++--+---+-++-++-+---+-+++----++-++---------++-+-+
-+-++-++++++--+-++--++--+---++-++--+-+++-+-+++--++++-+++++-----++-+--+-+-++++--++-+
+---+-----+-+----++----+---++-++-++-+-++++-+++--++---+---++----++++--++------+--+++
-++---+-+++------++-++++-+++----+--+-+++-+++++-+-+---+--+-++-+-+---+-+--++++++-++++
-+--+-+++-++-+--+-+--+-+-+----+-----+++---+--+++-+--+-+-+++--++---+++-+++---++-+-++
++--+---+++-----+++--+--+--++-+--++-+--------+++-+++-------++-+--+-+----+-+-+-----+
+--+-----+-+-+-+----++---+--+-++++-++----+-++++-+++--+-+-+++++++----+-----+--+--++-
++--+--+--+--+-+----+---++++--+++--+++----+--+-+--++-++-++---++++++-+--++++--------
+--+----++-+++-++--+---+++--+---+----++---++-++-+----+-++------+-+-----+-+-++---+++
---+++----+++--+++-++-+-+++--+--++--++--++++-+-+-++-+----+-++-++----+---+--+---++-+
+-----+--------+++--+++++--+-+-++++---+++-----+++--++---+-+-+-++-+--++---+---+++--+
+-----+++-++-++++-+++--+---++-++-+-+-++-+-+++++++++----++++---+++-+-+--+-+++-++-+++
+-+---+-++-+---++++---+-+++-+++-++++-------++-+-++--+-+--++-----++--------++--++--+
++-----++--+++-+-++--+++++---++----++++--+-++-+++++--++--+-+++++-----+-+-++++++-+--
+++-+-+--++-+-+-+-++++-++++-+-+--+-+---++-++-+-+----++++--++---++---++--+------+-+-
-+----++-+--++-+---+-++----+-++--+--++--++++---+-+---+---+-+++-+--+-+-++-+++-+-+--+
----++-+-+-----+-+-+++--++++-++++--++++--++++-+----+---+-+----+-+----+-+---+-+-+-++
+-+-++++-++---++---+++---+++++-+-+-------+--+-+++---+-+-+-+-++++-+-------+-+-+--++-
----+-+---++-+-+--+--++-+-++--+++-+-++-+-+-+++-+++-+--++-++-+-+++-------+++-++---+-
+----+++-+--+++-++-++-+++-++-+--++++++-++-+++--+-+--+-++--++-+--+-++-++++-++-++++-+
-+-++++----+-+--+++++--+-+-+++-+++---+++-+++-+-++++----+--+-++-++--++--+-+-+--++-++
-+-+-++-+--+++-++-+++-----+-++-+---+--++++--++-+-+----+++++---+-+-+++-++----+--++++
+++++-+--++--++-+++-+-++--+++---+--++-++--+++----+-+-++++-+---+++-++++++--+----++--
----+-+++-++----+--++-+++-+--+--+-++++++++-+--++----+-+--+++++-++-++--+++++++-+++-+
-+-+--+++-+++---++++++++---+--+--+-+++--+-++-+++--+-+-----++----++++-++--++--+-+++-
+--+-+-+--+++-+--+---+++++--++-++-++---++--+-+--+---++-+-+----++---+--+--+-++++--++
-+-++++-+--+-+-++-+--+-+---++-+-+++-++++-+---++--+++-++++-++--+++---++-++-+++++---+
+++---++++--++++++-+-+-+-+--+-+------++-++-+----++-++-+++---++---++-+-+-++-++++-++-
++-----+-++++--------+--++-++--++--+-----+--++-+-++++---++-+-+-+-+-+++--+-+-+-++++-
-+---+--+-+-+++++++-++++++------++-++++---++-+++-+-+-++++--+++++---++-+-+----++----
-+---++++---+-+-++-++-+-+---+-++--+-+--+-+-+-++++--++-+++-+-+++-++-+-++-++----+--+-
-+++--+-+--+--+---+--+----+-++-++-+++++-+-++++--+--++----++-+++-+++-------+++-+++++
++-+++++-+----++--++-----++-+---+++++++-++-+++-++-++----+---+-+-++-----+---+-+-+-++
------+----++-++-+-----++-+--++-+-----+--+-++++--+++-+--+---+++--+++--+++++---++++-
+-+++-+---+++-++++----++-++++-++-----++----++----++-+----+-+-+-+--++---+-------++++
++-+++--+-+---+---+++-+++---+--++--+++++-++-++-+-------++--++-+-++-+-++----+--+-+--
+-+--++-+++++--+++-++--------++++-+-+---++----++-+----+--+-------+++-+++--+--+-+++-
-+---+++------+--++--+++++-++-+-+++-+-++-+-++-----++++--+++-+++--+-++-+-++--+--+--+
+-+++-++-+---++++---++-+-+-+-+--++--++----+-++++-+-++-----+-+++-+---++--+----++-+--
++--+-+-+-+---+--++++-+-+--+----++---++----+++---+-++------+++-+-++-+-++------+---+
+++++-+----+-+-++-++-++------++--+++-++--+-++-+--+--+++-+++-+++-+++--++++-+-++--++-
+----+-+--+-+-++---+-+++-+-+++++-+--+-++-+++-+++++--++-++--++--+++----------+++---+
-+++++-+--+--++-+-++--+-++-+++--+-+++-+-+-++-+---+---+--++--+--++-++--+++---++-+++-
+-++-+-+-+---+++--++-+-------+---+++--+--+-+---++-+-+-++++---+-++---+++---++++----+
--++---+-+--++---++++--+-++-+--+++-+++-----+--++-+-----+-++--++++--++--+-++--+-----
+++--+-+--+------++-+----+---+++-++---+-+---++---++---+--++--++-+++-+---+--+--+++-+
--++---++-+----+-++++-+++--+-++-+----+++++--+-++++--+--+-++-+++---+++++++---+--+-++
--++-++++++++++-----+-+---+++----+++--+---++----+--++---++-++--+-+-+-+++--+-----++-
---+-++-+++++--+++-+-----++--++-+--++--+-+---++++++--+-----+-++-+++-----+-+--+--+-+
-+-+++--++-+-+--++--++-+-++-+---++++++-++-+--+-++++++-+++--++-+-++++----++-+++-+--+
++-++-++++-+-+--+-+++------++---+---++-+--+-++--++-+++++++++-+--++--++++++-++-+--++
---+--+-+-++----+-+----+-++++-++++---+++++--+-----+-+-+--+++-+-++---++------+++++--
++-++--++-+++-++----++-++--+++-+-+----++++++++--+-+--+-+++--+-+---+++++++++++-+--+-
+-+-++--+---+-+----+---+--++-+++-+---+--+--++++++--+--+--++++--++-+--++-++-----+---
+-+++--++-+-+++--+-+-++-++-++---++----+--++++--++++---+-------+++++-+-+-++--++-+-++
+-++++-+-++---++------+--+-++-++-+-+---++++++--+++---+++----+-+-+-+-+-++-+---+---+-
++----++--+++++---++-++--++-+-+-+---+++++-+--++++-+---++++---++++-+-+++-+-+-----+++
+++-+++-+++--+-----+++---+++++-++++-+-++---+++--+-++-+-----++++-++---+++--+--++++-+
+-++-+-++++----++----++--+-+----++-++--+----++--+-+-+-+-++--+-+-+----++------+-----
---++-+---++--++-----++------+---------+++---+++--++-+++-+----++-+--+-++-++----++-+
++-++----+--++-++---++--+-++-++++++++--+-+-+-+----+-++-+++++--+-+---+--+++-----++++
-+-+--+++----+---+-++++-+-+------+-+-++-+--+++++-++--+---++---+++--+--++-+++--+-++-
-+-+-+++----+-----+--+-+-++-++--+--+-+++--+-+++--++-+++++++-++-+++++--++----+++++--
+++----+-++-+-+--++--+--------+--++--+++---+++--+++-++-++-+--+--++-++-+++--++-++-++
--++----++++---+++-++-++++---+++++----+-+-++-+--++--++---+---+--++----+--+---+-++--
+++-+-+++--+---+++----+---+-++++---+---------+-++++---+--++++---+-+--+-+---+++-+--+
----++-+--+--+-+--++---++--+--++-+++---+++++-+--+-++--+-+--+--++--+-+----+----+-++-
++-+--+---+++---+-+-++--+-+--+++--+------+-+-++--+---++--+-+----+-+-+---++-+--+--++
